#
# There is insufficient memory for the Java Runtime Environment to continue.
# Native memory allocation (mmap) failed to map 157810688 bytes for committing reserved memory.
# Possible reasons:
#   The system is out of physical RAM or swap space
#   The process is running with CompressedOops enabled, and the Java Heap may be blocking the growth of the native heap
# Possible solutions:
#   Reduce memory load on the system
#   Increase physical memory or swap space
#   Check if swap backing store is full
#   Decrease Java heap size (-Xmx/-Xms)
#   Decrease number of Java threads
#   Decrease Java thread stack sizes (-Xss)
#   Set larger code cache with -XX:ReservedCodeCacheSize=
#   JVM is running with Zero Based Compressed Oops mode in which the Java heap is
#     placed in the first 32GB address space. The Java Heap base address is the
#     maximum limit for the native heap growth. Please use -XX:HeapBaseMinAddress
#     to set the Java Heap base and to place the Java Heap above 32GB virtual address.
# This output file may be truncated or incomplete.
#
#  Out of Memory Error (os_linux.cpp:2757), pid=27196, tid=0x00007f75b6506700
#
# JRE version: OpenJDK Runtime Environment (8.0_222-b10) (build 1.8.0_222-8u222-b10-1ubuntu1~18.04.1-b10)
# Java VM: OpenJDK 64-Bit Server VM (25.222-b10 mixed mode linux-amd64 compressed oops)
# Failed to write core dump. Core dumps have been disabled. To enable core dumping, try "ulimit -c unlimited" before starting Java again
#

---------------  T H R E A D  ---------------

Current thread (0x00007f75cc079800):  VMThread [stack: 0x00007f75b6407000,0x00007f75b6507000] [id=27208]

Stack: [0x00007f75b6407000,0x00007f75b6507000],  sp=0x00007f75b65054a0,  free space=1017k
Native frames: (J=compiled Java code, j=interpreted, Vv=VM code, C=native code)
V  [libjvm.so+0xab8992]
V  [libjvm.so+0x4dbfd7]
V  [libjvm.so+0x8f33a0]
V  [libjvm.so+0x8ea46e]
V  [libjvm.so+0x96e106]
V  [libjvm.so+0x96f478]
V  [libjvm.so+0x96ba76]
V  [libjvm.so+0x96be0c]
V  [libjvm.so+0x91a5a8]
V  [libjvm.so+0xaba662]
V  [libjvm.so+0xabf1d6]
V  [libjvm.so+0xabd4d5]
V  [libjvm.so+0xabddad]
V  [libjvm.so+0xabe1b8]
V  [libjvm.so+0x8f0732]

VM_Operation (0x00007f75acbfcd40): ParallelGCFailedAllocation, mode: safepoint, requested by thread 0x00007f75786d3000


---------------  P R O C E S S  ---------------

Java Threads: ( => current thread )
  0x00007f75786d3000 JavaThread "MVStore background writer nio:/home/nicolas/github/NoiseModelling/wps_scripts/target/test-resources/dbH2c24e6daa-b49b-4d23-b27c-50e74775f2a0MODE=PostgreSQL.mv.db" daemon [_thread_blocked, id=27274, stack(0x00007f75acafe000,0x00007f75acbff000)]
  0x00007f75cd0af800 JavaThread "/0:0:0:0:0:0:0:1:36512 to /0:0:0:0:0:0:0:1:40473 workers Thread 3" [_thread_in_native, id=27229, stack(0x00007f75b408a000,0x00007f75b418b000)]
  0x00007f75cd108000 JavaThread "/0:0:0:0:0:0:0:1:36512 to /0:0:0:0:0:0:0:1:40473 workers Thread 2" [_thread_blocked, id=27228, stack(0x00007f75b418b000,0x00007f75b428c000)]
  0x00007f75cd087800 JavaThread "Test worker" [_thread_blocked, id=27226, stack(0x00007f75b428c000,0x00007f75b438d000)]
  0x00007f75cc15e000 JavaThread "Service Thread" daemon [_thread_blocked, id=27217, stack(0x00007f75b52d4000,0x00007f75b53d5000)]
  0x00007f75cc153000 JavaThread "C1 CompilerThread2" daemon [_thread_blocked, id=27216, stack(0x00007f75b53d6000,0x00007f75b54d6000)]
  0x00007f75cc151000 JavaThread "C2 CompilerThread1" daemon [_thread_blocked, id=27215, stack(0x00007f75b54d7000,0x00007f75b55d7000)]
  0x00007f75cc14f000 JavaThread "C2 CompilerThread0" daemon [_thread_in_native, id=27214, stack(0x00007f75b55d8000,0x00007f75b56d8000)]
  0x00007f75cc14d800 JavaThread "Signal Dispatcher" daemon [_thread_blocked, id=27213, stack(0x00007f75b56d8000,0x00007f75b57d9000)]
  0x00007f75cc085800 JavaThread "Finalizer" daemon [_thread_blocked, id=27210, stack(0x00007f75b6204000,0x00007f75b6305000)]
  0x00007f75cc083000 JavaThread "Reference Handler" daemon [_thread_blocked, id=27209, stack(0x00007f75b6305000,0x00007f75b6406000)]
  0x00007f75cc00b800 JavaThread "main" [_thread_blocked, id=27203, stack(0x00007f75d41e7000,0x00007f75d42e7000)]

Other Threads:
=>0x00007f75cc079800 VMThread [stack: 0x00007f75b6407000,0x00007f75b6507000] [id=27208]
  0x00007f75cc160800 WatcherThread [stack: 0x00007f75b51d4000,0x00007f75b52d4000] [id=27218]

VM state:at safepoint (normal execution)

VM Mutex/Monitor currently owned by a thread:  ([mutex/lock_event])
[0x00007f75cc008000] Threads_lock - owner thread: 0x00007f75cc079800
[0x00007f75cc008500] Heap_lock - owner thread: 0x00007f75786d3000

heap address: 0x00000006cea00000, size: 3862 MB, Compressed Oops mode: Zero based, Oop shift amount: 3
Narrow klass base: 0x0000000000000000, Narrow klass shift: 3
Compressed class space size: 1073741824 Address: 0x00000007c0000000

Heap:
 PSYoungGen      total 228352K, used 15418K [0x000000076f900000, 0x0000000780a80000, 0x00000007c0000000)
  eden space 208384K, 0% used [0x000000076f900000,0x000000076f900000,0x000000077c480000)
  from space 19968K, 77% used [0x000000077e380000,0x000000077f28ebe0,0x000000077f700000)
  to   space 11776K, 0% used [0x000000077ff00000,0x000000077ff00000,0x0000000780a80000)
 ParOldGen       total 113152K, used 23915K [0x00000006cea00000, 0x00000006d5880000, 0x000000076f900000)
  object space 113152K, 21% used [0x00000006cea00000,0x00000006d015adb8,0x00000006d5880000)
 Metaspace       used 21507K, capacity 21792K, committed 22064K, reserved 1069056K
  class space    used 2308K, capacity 2419K, committed 2432K, reserved 1048576K

Card table byte_map: [0x00007f75bc874000,0x00007f75bd000000] byte_map_base: 0x00007f75b91ff000

Marking Bits: (ParMarkBitMap*) 0x00007f75d3482360
 Begin Bits: [0x00007f7598750000, 0x00007f759c3a8000)
 End Bits:   [0x00007f759c3a8000, 0x00007f75a0000000)

Polling page: 0x00007f75d4303000

CodeCache: size=245760Kb used=10897Kb max_used=10938Kb free=234862Kb
 bounds [0x00007f75bd000000, 0x00007f75bdac0000, 0x00007f75cc000000]
 total_blobs=3318 nmethods=2634 adapters=598
 compilation: enabled

Compilation events (10 events):
Event: 7,823 Thread 0x00007f75cc151000 nmethod 2748 0x00007f75bdaa56d0 code [0x00007f75bdaa5860, 0x00007f75bdaa5d58]
Event: 7,823 Thread 0x00007f75cc151000 2648       4       org.h2.command.Parser::readAnd (34 bytes)
Event: 7,901 Thread 0x00007f75cc151000 nmethod 2648 0x00007f75bdab39d0 code [0x00007f75bdab3c20, 0x00007f75bdab4cb0]
Event: 7,901 Thread 0x00007f75cc151000 2749       4       org.h2.value.ValueString::getPrecision (9 bytes)
Event: 7,901 Thread 0x00007f75cc151000 nmethod 2749 0x00007f75bdaa62d0 code [0x00007f75bdaa6420, 0x00007f75bdaa64b8]
Event: 7,901 Thread 0x00007f75cc151000 2643       4       org.h2.command.Parser::readConcat (197 bytes)
Event: 7,979 Thread 0x00007f75cc153000 2759 %     3       org.h2.mvstore.cache.CacheLongKeyLIRS$Segment::<init> @ 41 (212 bytes)
Event: 8,020 Thread 0x00007f75cc151000 nmethod 2643 0x00007f75bdaa2a50 code [0x00007f75bdaa2cc0, 0x00007f75bdaa3990]
Event: 8,025 Thread 0x00007f75cc151000 2758       4       org.h2.command.dml.Insert::prepare (231 bytes)
Event: 8,125 Thread 0x00007f75cc153000 nmethod 2759% 0x00007f75bd10eed0 code [0x00007f75bd10f140, 0x00007f75bd10f9f8]

GC Heap History (10 events):
Event: 4,064 GC heap after
Heap after GC invocations=3 (full 0):
 PSYoungGen      total 72192K, used 10232K [0x000000076f900000, 0x0000000778600000, 0x00000007c0000000)
  eden space 61952K, 0% used [0x000000076f900000,0x000000076f900000,0x0000000773580000)
  from space 10240K, 99% used [0x0000000773580000,0x0000000773f7e050,0x0000000773f80000)
  to   space 10240K, 0% used [0x0000000777c00000,0x0000000777c00000,0x0000000778600000)
 ParOldGen       total 165376K, used 4545K [0x00000006cea00000, 0x00000006d8b80000, 0x000000076f900000)
  object space 165376K, 2% used [0x00000006cea00000,0x00000006cee70788,0x00000006d8b80000)
 Metaspace       used 20186K, capacity 20474K, committed 20480K, reserved 1067008K
  class space    used 2195K, capacity 2298K, committed 2304K, reserved 1048576K
}
Event: 4,273 GC heap before
{Heap before GC invocations=4 (full 0):
 PSYoungGen      total 72192K, used 72184K [0x000000076f900000, 0x0000000778600000, 0x00000007c0000000)
  eden space 61952K, 100% used [0x000000076f900000,0x0000000773580000,0x0000000773580000)
  from space 10240K, 99% used [0x0000000773580000,0x0000000773f7e050,0x0000000773f80000)
  to   space 10240K, 0% used [0x0000000777c00000,0x0000000777c00000,0x0000000778600000)
 ParOldGen       total 165376K, used 4545K [0x00000006cea00000, 0x00000006d8b80000, 0x000000076f900000)
  object space 165376K, 2% used [0x00000006cea00000,0x00000006cee70788,0x00000006d8b80000)
 Metaspace       used 20194K, capacity 20474K, committed 20480K, reserved 1067008K
  class space    used 2195K, capacity 2298K, committed 2304K, reserved 1048576K
Event: 4,303 GC heap after
Heap after GC invocations=4 (full 0):
 PSYoungGen      total 134144K, used 10231K [0x000000076f900000, 0x0000000778600000, 0x00000007c0000000)
  eden space 123904K, 0% used [0x000000076f900000,0x000000076f900000,0x0000000777200000)
  from space 10240K, 99% used [0x0000000777c00000,0x00000007785fdf10,0x0000000778600000)
  to   space 10240K, 0% used [0x0000000777200000,0x0000000777200000,0x0000000777c00000)
 ParOldGen       total 165376K, used 9994K [0x00000006cea00000, 0x00000006d8b80000, 0x000000076f900000)
  object space 165376K, 6% used [0x00000006cea00000,0x00000006cf3c2998,0x00000006d8b80000)
 Metaspace       used 20194K, capacity 20474K, committed 20480K, reserved 1067008K
  class space    used 2195K, capacity 2298K, committed 2304K, reserved 1048576K
}
Event: 4,915 GC heap before
{Heap before GC invocations=5 (full 0):
 PSYoungGen      total 134144K, used 41997K [0x000000076f900000, 0x0000000778600000, 0x00000007c0000000)
  eden space 123904K, 25% used [0x000000076f900000,0x00000007718055e8,0x0000000777200000)
  from space 10240K, 99% used [0x0000000777c00000,0x00000007785fdf10,0x0000000778600000)
  to   space 10240K, 0% used [0x0000000777200000,0x0000000777200000,0x0000000777c00000)
 ParOldGen       total 165376K, used 9994K [0x00000006cea00000, 0x00000006d8b80000, 0x000000076f900000)
  object space 165376K, 6% used [0x00000006cea00000,0x00000006cf3c2998,0x00000006d8b80000)
 Metaspace       used 20851K, capacity 21138K, committed 21296K, reserved 1069056K
  class space    used 2261K, capacity 2370K, committed 2432K, reserved 1048576K
Event: 4,960 GC heap after
Heap after GC invocations=5 (full 0):
 PSYoungGen      total 134144K, used 10215K [0x000000076f900000, 0x0000000781300000, 0x00000007c0000000)
  eden space 123904K, 0% used [0x000000076f900000,0x000000076f900000,0x0000000777200000)
  from space 10240K, 99% used [0x0000000777200000,0x0000000777bf9ef0,0x0000000777c00000)
  to   space 20480K, 0% used [0x000000077ff00000,0x000000077ff00000,0x0000000781300000)
 ParOldGen       total 165376K, used 16991K [0x00000006cea00000, 0x00000006d8b80000, 0x000000076f900000)
  object space 165376K, 10% used [0x00000006cea00000,0x00000006cfa97e10,0x00000006d8b80000)
 Metaspace       used 20851K, capacity 21138K, committed 21296K, reserved 1069056K
  class space    used 2261K, capacity 2370K, committed 2432K, reserved 1048576K
}
Event: 4,960 GC heap before
{Heap before GC invocations=6 (full 1):
 PSYoungGen      total 134144K, used 10215K [0x000000076f900000, 0x0000000781300000, 0x00000007c0000000)
  eden space 123904K, 0% used [0x000000076f900000,0x000000076f900000,0x0000000777200000)
  from space 10240K, 99% used [0x0000000777200000,0x0000000777bf9ef0,0x0000000777c00000)
  to   space 20480K, 0% used [0x000000077ff00000,0x000000077ff00000,0x0000000781300000)
 ParOldGen       total 165376K, used 16991K [0x00000006cea00000, 0x00000006d8b80000, 0x000000076f900000)
  object space 165376K, 10% used [0x00000006cea00000,0x00000006cfa97e10,0x00000006d8b80000)
 Metaspace       used 20851K, capacity 21138K, committed 21296K, reserved 1069056K
  class space    used 2261K, capacity 2370K, committed 2432K, reserved 1048576K
Event: 5,058 GC heap after
Heap after GC invocations=6 (full 1):
 PSYoungGen      total 134144K, used 0K [0x000000076f900000, 0x0000000781300000, 0x00000007c0000000)
  eden space 123904K, 0% used [0x000000076f900000,0x000000076f900000,0x0000000777200000)
  from space 10240K, 0% used [0x0000000777200000,0x0000000777200000,0x0000000777c00000)
  to   space 20480K, 0% used [0x000000077ff00000,0x000000077ff00000,0x0000000781300000)
 ParOldGen       total 113152K, used 23899K [0x00000006cea00000, 0x00000006d5880000, 0x000000076f900000)
  object space 113152K, 21% used [0x00000006cea00000,0x00000006d0156db8,0x00000006d5880000)
 Metaspace       used 20851K, capacity 21138K, committed 21296K, reserved 1069056K
  class space    used 2261K, capacity 2370K, committed 2432K, reserved 1048576K
}
Event: 6,934 GC heap before
{Heap before GC invocations=7 (full 1):
 PSYoungGen      total 134144K, used 123904K [0x000000076f900000, 0x0000000781300000, 0x00000007c0000000)
  eden space 123904K, 100% used [0x000000076f900000,0x0000000777200000,0x0000000777200000)
  from space 10240K, 0% used [0x0000000777200000,0x0000000777200000,0x0000000777c00000)
  to   space 20480K, 0% used [0x000000077ff00000,0x000000077ff00000,0x0000000781300000)
 ParOldGen       total 113152K, used 23899K [0x00000006cea00000, 0x00000006d5880000, 0x000000076f900000)
  object space 113152K, 21% used [0x00000006cea00000,0x00000006d0156db8,0x00000006d5880000)
 Metaspace       used 21458K, capacity 21792K, committed 22064K, reserved 1069056K
  class space    used 2308K, capacity 2419K, committed 2432K, reserved 1048576K
Event: 6,969 GC heap after
Heap after GC invocations=7 (full 1):
 PSYoungGen      total 220160K, used 11446K [0x000000076f900000, 0x0000000780a80000, 0x00000007c0000000)
  eden space 208384K, 0% used [0x000000076f900000,0x000000076f900000,0x000000077c480000)
  from space 11776K, 97% used [0x000000077ff00000,0x0000000780a2daa8,0x0000000780a80000)
  to   space 19968K, 0% used [0x000000077e380000,0x000000077e380000,0x000000077f700000)
 ParOldGen       total 113152K, used 23907K [0x00000006cea00000, 0x00000006d5880000, 0x000000076f900000)
  object space 113152K, 21% used [0x00000006cea00000,0x00000006d0158db8,0x00000006d5880000)
 Metaspace       used 21458K, capacity 21792K, committed 22064K, reserved 1069056K
  class space    used 2308K, capacity 2419K, committed 2432K, reserved 1048576K
}
Event: 9,189 GC heap before
{Heap before GC invocations=8 (full 1):
 PSYoungGen      total 220160K, used 216133K [0x000000076f900000, 0x0000000780a80000, 0x00000007c0000000)
  eden space 208384K, 98% used [0x000000076f900000,0x000000077c0e3c50,0x000000077c480000)
  from space 11776K, 97% used [0x000000077ff00000,0x0000000780a2daa8,0x0000000780a80000)
  to   space 19968K, 0% used [0x000000077e380000,0x000000077e380000,0x000000077f700000)
 ParOldGen       total 113152K, used 23907K [0x00000006cea00000, 0x00000006d5880000, 0x000000076f900000)
  object space 113152K, 21% used [0x00000006cea00000,0x00000006d0158db8,0x00000006d5880000)
 Metaspace       used 21507K, capacity 21792K, committed 22064K, reserved 1069056K
  class space    used 2308K, capacity 2419K, committed 2432K, reserved 1048576K

Deoptimization events (10 events):
Event: 5,581 Thread 0x00007f75cd087800 Uncommon trap: reason=class_check action=maybe_recompile pc=0x00007f75bd98b3c8 method=org.h2.value.Value.convertTo(IILorg/h2/engine/Mode;Ljava/lang/Object;[Ljava/lang/String;)Lorg/h2/value/Value; @ 768
Event: 5,581 Thread 0x00007f75cd087800 Uncommon trap: reason=class_check action=maybe_recompile pc=0x00007f75bd98bf84 method=org.h2.value.Value.convertTo(IILorg/h2/engine/Mode;Ljava/lang/Object;[Ljava/lang/String;)Lorg/h2/value/Value; @ 1005
Event: 5,584 Thread 0x00007f75cd087800 Uncommon trap: reason=class_check action=maybe_recompile pc=0x00007f75bd98bf84 method=org.h2.value.Value.convertTo(IILorg/h2/engine/Mode;Ljava/lang/Object;[Ljava/lang/String;)Lorg/h2/value/Value; @ 1005
Event: 5,618 Thread 0x00007f75cd087800 Uncommon trap: reason=unstable_if action=reinterpret pc=0x00007f75bd74f460 method=java.util.ArrayList.indexOf(Ljava/lang/Object;)I @ 54
Event: 5,701 Thread 0x00007f75cd087800 Uncommon trap: reason=unstable_if action=reinterpret pc=0x00007f75bd92e270 method=org.h2.mvstore.MVStore.registerUnsavedPage(I)V @ 20
Event: 5,718 Thread 0x00007f75cd087800 Uncommon trap: reason=bimorphic action=maybe_recompile pc=0x00007f75bd8a4210 method=org.h2.mvstore.type.ObjectDataType.getMemory(Ljava/lang/Object;)I @ 5
Event: 5,718 Thread 0x00007f75cd087800 Uncommon trap: reason=bimorphic action=maybe_recompile pc=0x00007f75bd8a4210 method=org.h2.mvstore.type.ObjectDataType.getMemory(Ljava/lang/Object;)I @ 5
Event: 7,367 Thread 0x00007f75cd087800 Uncommon trap: reason=unstable_if action=reinterpret pc=0x00007f75bd6b203c method=org.h2.mvstore.MVStore.registerUnsavedPage(I)V @ 20
Event: 7,383 Thread 0x00007f75cd087800 Uncommon trap: reason=bimorphic action=maybe_recompile pc=0x00007f75bd8a4210 method=org.h2.mvstore.type.ObjectDataType.getMemory(Ljava/lang/Object;)I @ 5
Event: 7,384 Thread 0x00007f75cd087800 Uncommon trap: reason=bimorphic action=maybe_recompile pc=0x00007f75bd8a4210 method=org.h2.mvstore.type.ObjectDataType.getMemory(Ljava/lang/Object;)I @ 5

Classes redefined (0 events):
No events

Internal exceptions (10 events):
Event: 5,598 Thread 0x00007f75cd087800 Exception <a 'java/lang/ArrayIndexOutOfBoundsException'> (0x0000000771424f20) thrown at [/build/openjdk-8-OqY7zN/openjdk-8-8u222-b10/src/hotspot/src/share/vm/runtime/sharedRuntime.cpp, line 605]
Event: 5,598 Thread 0x00007f75cd087800 Exception <a 'java/lang/ArrayIndexOutOfBoundsException'> (0x00000007714265e8) thrown at [/build/openjdk-8-OqY7zN/openjdk-8-8u222-b10/src/hotspot/src/share/vm/runtime/sharedRuntime.cpp, line 605]
Event: 5,598 Thread 0x00007f75cd087800 Exception <a 'java/lang/ArrayIndexOutOfBoundsException'> (0x0000000771427a10) thrown at [/build/openjdk-8-OqY7zN/openjdk-8-8u222-b10/src/hotspot/src/share/vm/runtime/sharedRuntime.cpp, line 605]
Event: 5,598 Thread 0x00007f75cd087800 Exception <a 'java/lang/ArrayIndexOutOfBoundsException'> (0x0000000771428cc0) thrown at [/build/openjdk-8-OqY7zN/openjdk-8-8u222-b10/src/hotspot/src/share/vm/runtime/sharedRuntime.cpp, line 605]
Event: 5,598 Thread 0x00007f75cd087800 Exception <a 'java/lang/ArrayIndexOutOfBoundsException'> (0x0000000771429c18) thrown at [/build/openjdk-8-OqY7zN/openjdk-8-8u222-b10/src/hotspot/src/share/vm/runtime/sharedRuntime.cpp, line 605]
Event: 5,598 Thread 0x00007f75cd087800 Exception <a 'java/lang/ArrayIndexOutOfBoundsException'> (0x000000077142b290) thrown at [/build/openjdk-8-OqY7zN/openjdk-8-8u222-b10/src/hotspot/src/share/vm/runtime/sharedRuntime.cpp, line 605]
Event: 5,600 Thread 0x00007f75cd087800 Exception <a 'java/lang/ClassNotFoundException': groovy/lang/Closure$1Customizer> (0x0000000771480db0) thrown at [/build/openjdk-8-OqY7zN/openjdk-8-8u222-b10/src/hotspot/src/share/vm/classfile/systemDictionary.cpp, line 210]
Event: 5,600 Thread 0x00007f75cd087800 Exception <a 'java/lang/ArrayIndexOutOfBoundsException'> (0x0000000771484498) thrown at [/build/openjdk-8-OqY7zN/openjdk-8-8u222-b10/src/hotspot/src/share/vm/runtime/sharedRuntime.cpp, line 605]
Event: 5,609 Thread 0x00007f75cd087800 Exception <a 'java/lang/ClassNotFoundException': org/h2gis/utilities/TableLocationBeanInfo> (0x000000077159be08) thrown at [/build/openjdk-8-OqY7zN/openjdk-8-8u222-b10/src/hotspot/src/share/vm/classfile/systemDictionary.cpp, line 210]
Event: 5,610 Thread 0x00007f75cd087800 Exception <a 'java/lang/ClassNotFoundException': org/h2gis/utilities/TableLocationCustomizer> (0x00000007715da210) thrown at [/build/openjdk-8-OqY7zN/openjdk-8-8u222-b10/src/hotspot/src/share/vm/classfile/systemDictionary.cpp, line 210]

Events (10 events):
Event: 8,025 Thread 0x00007f75cc151000 flushing nmethod 0x00007f75bd10ebd0
Event: 8,025 Thread 0x00007f75cc151000 flushing nmethod 0x00007f75bd111450
Event: 8,025 Thread 0x00007f75cc151000 flushing nmethod 0x00007f75bd111dd0
Event: 8,025 Thread 0x00007f75cc151000 flushing nmethod 0x00007f75bd11d3d0
Event: 8,025 Thread 0x00007f75cc151000 flushing nmethod 0x00007f75bd13a690
Event: 8,071 Executing VM operation: RevokeBias
Event: 8,101 Executing VM operation: RevokeBias done
Event: 8,448 Executing VM operation: RevokeBias
Event: 8,680 Executing VM operation: RevokeBias done
Event: 8,840 Executing VM operation: ParallelGCFailedAllocation


Dynamic libraries:
6cea00000-6d5880000 rw-p 00000000 00:00 0 
6d5880000-76f900000 ---p 00000000 00:00 0 
76f900000-780a80000 rw-p 00000000 00:00 0 
78a100000-7c0000000 ---p 00000000 00:00 0 
7c0000000-7c0260000 rw-p 00000000 00:00 0 
7c0260000-800000000 ---p 00000000 00:00 0 
5592682e2000-5592682e3000 r-xp 00000000 08:05 1707928                    /usr/lib/jvm/java-8-openjdk-amd64/jre/bin/java
5592684e2000-5592684e3000 r--p 00000000 08:05 1707928                    /usr/lib/jvm/java-8-openjdk-amd64/jre/bin/java
5592684e3000-5592684e4000 rw-p 00001000 08:05 1707928                    /usr/lib/jvm/java-8-openjdk-amd64/jre/bin/java
559269840000-559269861000 rw-p 00000000 00:00 0                          [heap]
7f7564000000-7f7564105000 rw-p 00000000 00:00 0 
7f7564105000-7f7568000000 ---p 00000000 00:00 0 
7f7568000000-7f75681f9000 rw-p 00000000 00:00 0 
7f75681f9000-7f756c000000 ---p 00000000 00:00 0 
7f756c000000-7f756c021000 rw-p 00000000 00:00 0 
7f756c021000-7f7570000000 ---p 00000000 00:00 0 
7f7570000000-7f7570075000 rw-p 00000000 00:00 0 
7f7570075000-7f7574000000 ---p 00000000 00:00 0 
7f7574000000-7f7574021000 rw-p 00000000 00:00 0 
7f7574021000-7f7578000000 ---p 00000000 00:00 0 
7f7578000000-7f7578720000 rw-p 00000000 00:00 0 
7f7578720000-7f757c000000 ---p 00000000 00:00 0 
7f757c000000-7f757ca29000 rw-p 00000000 00:00 0 
7f757ca29000-7f7580000000 ---p 00000000 00:00 0 
7f7580000000-7f7580021000 rw-p 00000000 00:00 0 
7f7580021000-7f7584000000 ---p 00000000 00:00 0 
7f7584000000-7f75854d9000 rw-p 00000000 00:00 0 
7f75854d9000-7f7588000000 ---p 00000000 00:00 0 
7f7588000000-7f7588c4b000 rw-p 00000000 00:00 0 
7f7588c4b000-7f758c000000 ---p 00000000 00:00 0 
7f758c000000-7f758c021000 rw-p 00000000 00:00 0 
7f758c021000-7f7590000000 ---p 00000000 00:00 0 
7f7590000000-7f7590021000 rw-p 00000000 00:00 0 
7f7590021000-7f7594000000 ---p 00000000 00:00 0 
7f7594000000-7f7594021000 rw-p 00000000 00:00 0 
7f7594021000-7f7598000000 ---p 00000000 00:00 0 
7f75981bc000-7f759867c000 rw-p 00000000 00:00 0 
7f759867c000-7f7598750000 ---p 00000000 00:00 0 
7f7598750000-7f75a0000000 rw-p 00000000 00:00 0 
7f75a0000000-7f75a0021000 rw-p 00000000 00:00 0 
7f75a0021000-7f75a4000000 ---p 00000000 00:00 0 
7f75a4000000-7f75a4021000 rw-p 00000000 00:00 0 
7f75a4021000-7f75a8000000 ---p 00000000 00:00 0 
7f75a8000000-7f75a8021000 rw-p 00000000 00:00 0 
7f75a8021000-7f75ac000000 ---p 00000000 00:00 0 
7f75ac005000-7f75ac008000 ---p 00000000 00:00 0 
7f75ac008000-7f75ac6f4000 rw-p 00000000 00:00 0 
7f75ac6f4000-7f75ac8f4000 rw-p 00000000 00:00 0 
7f75ac8f4000-7f75acaf4000 rw-p 00000000 00:00 0 
7f75acafe000-7f75acb01000 ---p 00000000 00:00 0 
7f75acb01000-7f75acdff000 rw-p 00000000 00:00 0 
7f75acdff000-7f75acfff000 rw-p 00000000 00:00 0 
7f75acfff000-7f75b0000000 rw-p 00000000 00:00 0 
7f75b0000000-7f75b0021000 rw-p 00000000 00:00 0 
7f75b0021000-7f75b4000000 ---p 00000000 00:00 0 
7f75b408a000-7f75b408d000 ---p 00000000 00:00 0 
7f75b408d000-7f75b418b000 rw-p 00000000 00:00 0 
7f75b418b000-7f75b418e000 ---p 00000000 00:00 0 
7f75b418e000-7f75b428c000 rw-p 00000000 00:00 0 
7f75b428c000-7f75b428f000 ---p 00000000 00:00 0 
7f75b428f000-7f75b438d000 rw-p 00000000 00:00 0 
7f75b438d000-7f75b4392000 r-xp 00000000 08:06 2368527                    /home/nicolas/.gradle/native/21/linux-amd64/libnative-platform.so
7f75b4392000-7f75b4591000 ---p 00005000 08:06 2368527                    /home/nicolas/.gradle/native/21/linux-amd64/libnative-platform.so
7f75b4591000-7f75b4592000 rw-p 00004000 08:06 2368527                    /home/nicolas/.gradle/native/21/linux-amd64/libnative-platform.so
7f75b4592000-7f75b4597000 r--s 000a3000 08:05 1708019                    /usr/lib/jvm/java-8-openjdk-amd64/jre/lib/jsse.jar
7f75b4597000-7f75b45a8000 r-xp 00000000 08:05 1707980                    /usr/lib/jvm/java-8-openjdk-amd64/jre/lib/amd64/libnio.so
7f75b45a8000-7f75b47a7000 ---p 00011000 08:05 1707980                    /usr/lib/jvm/java-8-openjdk-amd64/jre/lib/amd64/libnio.so
7f75b47a7000-7f75b47a8000 r--p 00010000 08:05 1707980                    /usr/lib/jvm/java-8-openjdk-amd64/jre/lib/amd64/libnio.so
7f75b47a8000-7f75b47a9000 rw-p 00011000 08:05 1707980                    /usr/lib/jvm/java-8-openjdk-amd64/jre/lib/amd64/libnio.so
7f75b47a9000-7f75b47b0000 r--s 00055000 08:06 2100690                    /home/nicolas/.gradle/caches/modules-2/files-2.1/org.eclipse.emf/org.eclipse.emf.common/2.16.0/198646029e658c8d3843b7ba11fdd6cdc1261b74/org.eclipse.emf.common-2.16.0.jar
7f75b47b0000-7f75b47c4000 r--s 00146000 08:06 2100689                    /home/nicolas/.gradle/caches/modules-2/files-2.1/org.eclipse.emf/org.eclipse.emf.ecore/2.19.0/d107a38aacf0b487e055df9389b22f7be628e80/org.eclipse.emf.ecore-2.19.0.jar
7f75b47c4000-7f75b47cb000 r--s 0003f000 08:06 5374893                    /home/nicolas/.m2/repository/commons-codec/commons-codec/1.10/commons-codec-1.10.jar
7f75b47cb000-7f75b47d0000 r--s 0002c000 08:06 5508428                    /home/nicolas/.m2/repository/org/apache/commons/commons-text/1.6/commons-text-1.6.jar
7f75b47d0000-7f75b47e0000 r--s 000bf000 08:06 3038161                    /home/nicolas/.m2/repository/org/locationtech/jts/jts-core/1.16.0/jts-core-1.16.0.jar
7f75b47e0000-7f75b47e8000 r--s 00073000 08:06 5521301                    /home/nicolas/.m2/repository/org/apache/commons/commons-lang3/3.8.1/commons-lang3-3.8.1.jar
7f75b47e8000-7f75b47ea000 r--s 00009000 08:06 5520981                    /home/nicolas/.m2/repository/org/slf4j/slf4j-api/1.7.25/slf4j-api-1.7.25.jar
7f75b47ea000-7f75b47ee000 r--s 0004c000 08:06 5508449                    /home/nicolas/.m2/repository/com/fasterxml/jackson/core/jackson-core/2.9.10/jackson-core-2.9.10.jar
7f75b47ee000-7f75b47f0000 r--s 00008000 08:06 5521995                    /home/nicolas/.m2/repository/org/codehaus/janino/commons-compiler/3.0.8/commons-compiler-3.0.8.jar
7f75b47f0000-7f75b47f2000 r--s 00002000 08:06 2764191                    /home/nicolas/.m2/repository/tec/uom/lib/uom-lib-common/1.0.2/uom-lib-common-1.0.2.jar
7f75b47f2000-7f75b47f4000 r--s 00005000 08:06 5114541                    /home/nicolas/.m2/repository/javax/measure/unit-api/1.0/unit-api-1.0.jar
7f75b47f4000-7f75b4800000 r--s 000b7000 08:06 5521993                    /home/nicolas/.m2/repository/org/codehaus/janino/janino/3.0.8/janino-3.0.8.jar
7f75b4800000-7f75b4807000 r--s 0004c000 08:06 3020725                    /home/nicolas/.m2/repository/org/antlr/antlr4-runtime/4.7.1/antlr4-runtime-4.7.1.jar
7f75b4807000-7f75b4808000 r--s 00002000 08:06 3539864                    /home/nicolas/.m2/repository/org/apache/xmlgraphics/batik-i18n/1.10/batik-i18n-1.10.jar
7f75b4808000-7f75b480a000 r--s 00001000 08:06 3539861                    /home/nicolas/.m2/repository/org/apache/xmlgraphics/batik-constants/1.10/batik-constants-1.10.jar
7f75b480a000-7f75b480c000 r--s 00005000 08:06 3539851                    /home/nicolas/.m2/repository/org/apache/xmlgraphics/batik-script/1.10/batik-script-1.10.jar
7f75b480c000-7f75b4817000 r--s 00093000 08:06 3539847                    /home/nicolas/.m2/repository/org/apache/xmlgraphics/xmlgraphics-commons/2.2/xmlgraphics-commons-2.2.jar
7f75b4817000-7f75b481b000 r--s 00035000 08:06 3539844                    /home/nicolas/.m2/repository/org/apache/xmlgraphics/batik-svg-dom/1.10/batik-svg-dom-1.10.jar
7f75b481b000-7f75b481d000 r--s 00011000 08:06 3539841                    /home/nicolas/.m2/repository/org/apache/xmlgraphics/batik-parser/1.10/batik-parser-1.10.jar
7f75b481d000-7f75b481f000 r--s 00002000 08:06 3539838                    /home/nicolas/.m2/repository/org/apache/xmlgraphics/batik-ext/1.10/batik-ext-1.10.jar
7f75b481f000-7f75b4827000 r--s 00048000 08:06 3539839                    /home/nicolas/.m2/repository/org/apache/xmlgraphics/batik-css/1.10/batik-css-1.10.jar
7f75b4827000-7f75b4828000 r--s 00001000 08:06 3022860                    /home/nicolas/.m2/repository/org/opentest4j/opentest4j/1.1.1/opentest4j-1.1.1.jar
7f75b4828000-7f75b482a000 r--s 00011000 08:06 2100688                    /home/nicolas/.gradle/caches/modules-2/files-2.1/org.junit.platform/junit-platform-commons/1.3.2/378d1d1b162426ad031522f6d51e3bf28d1631a4/junit-platform-commons-1.3.2.jar
7f75b482a000-7f75b482e000 r--s 00025000 08:06 3038177                    /home/nicolas/.m2/repository/org/ejml/ejml-core/0.34/ejml-core-0.34.jar
7f75b482e000-7f75b482f000 r--s 00003000 08:06 2764195                    /home/nicolas/.m2/repository/si/uom/si-units-java8/0.7.1/si-units-java8-0.7.1.jar
7f75b482f000-7f75b4831000 r--s 00001000 08:06 2764193                    /home/nicolas/.m2/repository/si/uom/si-quantity/0.7.1/si-quantity-0.7.1.jar
7f75b4831000-7f75b4835000 r--s 00033000 08:06 2764189                    /home/nicolas/.m2/repository/tec/uom/uom-se/1.0.8/uom-se-1.0.8.jar
7f75b4835000-7f75b483b000 r--s 0003a000 08:06 2764702                    /home/nicolas/.m2/repository/it/geosolutions/jaiext/jiffle/jt-jiffle-language/1.1.9/jt-jiffle-language-1.1.9.jar
7f75b483b000-7f75b483c000 r--s 00000000 08:06 3038742                    /home/nicolas/.m2/repository/org/jaitools/jt-attributeop/1.5.0/jt-attributeop-1.5.0.jar
7f75b483c000-7f75b4844000 r--s 00028000 08:06 5250824                    /home/nicolas/.m2/repository/xml-apis/xml-apis/1.3.04/xml-apis-1.3.04.jar
7f75b4844000-7f75b4849000 r--s 00010000 08:06 5113252                    /home/nicolas/.m2/repository/xml-apis/xml-apis-ext/1.3.04/xml-apis-ext-1.3.04.jar
7f75b4849000-7f75b484b000 r--s 00007000 08:06 3539865                    /home/nicolas/.m2/repository/org/apache/xmlgraphics/batik-xml/1.10/batik-xml-1.10.jar
7f75b484b000-7f75b484e000 r--s 0001d000 08:06 3539860                    /home/nicolas/.m2/repository/org/apache/xmlgraphics/batik-util/1.10/batik-util-1.10.jar
7f75b484e000-7f75b4853000 r--s 00032000 08:06 3539858                    /home/nicolas/.m2/repository/org/apache/xmlgraphics/batik-svggen/1.10/batik-svggen-1.10.jar
7f75b4853000-7f75b4856000 r--s 0002c000 08:06 3539855                    /home/nicolas/.m2/repository/org/apache/xmlgraphics/batik-gvt/1.10/batik-gvt-1.10.jar
7f75b4856000-7f75b485a000 r--s 00029000 08:06 3539853                    /home/nicolas/.m2/repository/org/apache/xmlgraphics/batik-dom/1.10/batik-dom-1.10.jar
7f75b485a000-7f75b4866000 r--s 0009f000 08:06 3539849                    /home/nicolas/.m2/repository/org/apache/xmlgraphics/batik-bridge/1.10/batik-bridge-1.10.jar
7f75b4866000-7f75b486e000 r--s 00060000 08:06 3539845                    /home/nicolas/.m2/repository/org/apache/xmlgraphics/batik-awt-util/1.10/batik-awt-util-1.10.jar
7f75b486e000-7f75b487a000 r--s 0006a000 08:06 3539834                    /home/nicolas/.m2/repository/org/apache/xmlgraphics/batik-anim/1.10/batik-anim-1.10.jar
7f75b487a000-7f75b4890000 r--s 001c0000 08:06 3041641                    /home/nicolas/.m2/repository/org/geotools/ogc/net.opengis.wmts/21.1/net.opengis.wmts-21.1.jar
7f75b4890000-7f75b4896000 r--s 00047000 08:06 5521900                    /home/nicolas/.m2/repository/com/sun/xml/fastinfoset/FastInfoset/1.2.15/FastInfoset-1.2.15.jar
7f75b4896000-7f75b4897000 r--s 00008000 08:06 3038556                    /home/nicolas/.m2/repository/org/jvnet/staxex/stax-ex/1.8/stax-ex-1.8.jar
7f75b4897000-7f75b4899000 r--s 00005000 08:06 5521898                    /home/nicolas/.m2/repository/com/sun/istack/istack-commons-runtime/3.0.7/istack-commons-runtime-3.0.7.jar
7f75b4899000-7f75b489c000 r--s 0000f000 08:06 3038554                    /home/nicolas/.m2/repository/org/glassfish/jaxb/txw2/2.4.0-b180830.0438/txw2-2.4.0-b180830.0438.jar
7f75b489c000-7f75b489d000 r--s 00003000 08:06 3041644                    /home/nicolas/.m2/repository/org/geotools/gt-app-schema-resolver/21.1/gt-app-schema-resolver-21.1.jar
7f75b489d000-7f75b489e000 r--s 00005000 08:06 3040593                    /home/nicolas/.m2/repository/org/huldra/math/bigint/0.7.1/bigint-0.7.1.jar
7f75b489e000-7f75b48a0000 r--s 00009000 08:06 2764370                    /home/nicolas/.m2/repository/it/geosolutions/imageio-ext/imageio-ext-utilities/1.2.1/imageio-ext-utilities-1.2.1.jar
7f75b48a0000-7f75b48a2000 r--s 00013000 08:06 3539581                    /home/nicolas/.m2/repository/org/apache/xml/xml-commons-resolver/1.2/xml-commons-resolver-1.2.jar
7f75b48a2000-7f75b48aa000 r--s 000ec000 08:06 4594795                    /home/nicolas/.m2/repository/org/eclipse/xsd/org.eclipse.xsd/2.12.0/org.eclipse.xsd-2.12.0.jar
7f75b48aa000-7f75b48b0000 r--s 00044000 08:06 2764226                    /home/nicolas/.m2/repository/commons-jxpath/commons-jxpath/1.3/commons-jxpath-1.3.jar
7f75b48b0000-7f75b48b4000 r--s 00018000 08:06 2764224                    /home/nicolas/.m2/repository/picocontainer/picocontainer/1.2/picocontainer-1.2.jar
7f75b48b4000-7f75b48b6000 r--s 0000f000 08:06 2110238                    /home/nicolas/.gradle/caches/modules-2/files-2.1/com.beust/jcommander/1.72/6375e521c1e11d6563d4f25a07ce124ccf8cd171/jcommander-1.72.jar
7f75b48b6000-7f75b48ba000 r--s 00019000 08:06 2100687                    /home/nicolas/.gradle/caches/modules-2/files-2.1/org.junit.jupiter/junit-jupiter-api/5.3.2/3602b523ffae9dabc04c329d73ab39ab04b3cbe2/junit-jupiter-api-5.3.2.jar
7f75b48ba000-7f75b48be000 r--s 0001e000 08:06 2100686                    /home/nicolas/.gradle/caches/modules-2/files-2.1/org.junit.platform/junit-platform-engine/1.3.2/c54bc1d4654bd1ef15fccf512ce664184085969/junit-platform-engine-1.3.2.jar
7f75b48be000-7f75b48bf000 r--s 00000000 08:06 3022854                    /home/nicolas/.m2/repository/org/apiguardian/apiguardian-api/1.0.0/apiguardian-api-1.0.0.jar
7f75b48bf000-7f75b48c1000 r--s 00008000 08:06 3156417                    /home/nicolas/.m2/repository/net/sf/geographiclib/GeographicLib-Java/1.49/GeographicLib-Java-1.49.jar
7f75b48c1000-7f75b48c2000 r--s 00002000 08:06 2758386                    /home/nicolas/.m2/repository/jgridshift/jgridshift/1.0/jgridshift-1.0.jar
7f75b48c2000-7f75b48c7000 r--s 0004a000 08:06 3038174                    /home/nicolas/.m2/repository/org/ejml/ejml-ddense/0.34/ejml-ddense-0.34.jar
7f75b48c7000-7f75b48ca000 r--s 00015000 08:06 2758355                    /home/nicolas/.m2/repository/commons-pool/commons-pool/1.5.4/commons-pool-1.5.4.jar
7f75b48ca000-7f75b48cc000 r--s 00002000 08:06 3156449                    /home/nicolas/.m2/repository/net/sourceforge/javacsv/javacsv/2.0/javacsv-2.0.jar
7f75b48cc000-7f75b48ce000 r--s 00009000 08:06 2764440                    /home/nicolas/.m2/repository/it/geosolutions/imageio-ext/imageio-ext-arcgrid/1.2.1/imageio-ext-arcgrid-1.2.1.jar
7f75b48ce000-7f75b48cf000 r--s 00005000 08:06 2764187                    /home/nicolas/.m2/repository/systems/uom/systems-common-java8/0.7.2/systems-common-java8-0.7.2.jar
7f75b48cf000-7f75b48d5000 r--s 00059000 08:06 5114545                    /home/nicolas/.m2/repository/javax/mail/mail/1.4/mail-1.4.jar
7f75b48d5000-7f75b48da000 r--s 00027000 08:06 3041728                    /home/nicolas/.m2/repository/org/geotools/xsd/gt-xsd-wcs/21.1/gt-xsd-wcs-21.1.jar
7f75b48da000-7f75b48e6000 r--s 00098000 08:06 3041729                    /home/nicolas/.m2/repository/org/geotools/ogc/net.opengis.wcs/21.1/net.opengis.wcs-21.1.jar
7f75b48e6000-7f75b48e8000 r--s 0000a000 08:06 3041715                    /home/nicolas/.m2/repository/org/geoserver/gs-wcs/2.15.1/gs-wcs-2.15.1.jar
7f75b48e8000-7f75b48ef000 r--s 00049000 08:06 5111900                    /home/nicolas/.gradle/caches/modules-2/files-2.1/org.apache.httpcomponents/httpcore/4.4.9/a86ce739e5a7175b4b234c290a00a5fdb80957a0/httpcore-4.4.9.jar
7f75b48ef000-7f75b48f0000 r--s 00006000 08:06 2764705                    /home/nicolas/.m2/repository/it/geosolutions/jaiext/classbreaks/jt-classbreaks/1.1.9/jt-classbreaks-1.1.9.jar
7f75b48f0000-7f75b48f2000 r--s 00002000 08:06 2764700                    /home/nicolas/.m2/repository/it/geosolutions/jaiext/jiffle/jt-jiffle-op/1.1.9/jt-jiffle-op-1.1.9.jar
7f75b48f2000-7f75b48f3000 r--s 00003000 08:06 3038743                    /home/nicolas/.m2/repository/org/jaitools/jt-vectorize/1.5.0/jt-vectorize-1.5.0.jar
7f75b48f3000-7f75b48f5000 r--s 00005000 08:06 3038739                    /home/nicolas/.m2/repository/org/jaitools/jt-contour/1.5.0/jt-contour-1.5.0.jar
7f75b48f5000-7f75b48f7000 r--s 00003000 08:06 3038737                    /home/nicolas/.m2/repository/org/jaitools/jt-rangelookup/1.5.0/jt-rangelookup-1.5.0.jar
7f75b48f7000-7f75b48fb000 r--s 00040000 08:06 4983299                    /home/nicolas/.m2/repository/xalan/serializer/2.7.2/serializer-2.7.2.jar
7f75b48fb000-7f75b48fe000 r--s 0001d000 08:06 3539835                    /home/nicolas/.m2/repository/org/apache/xmlgraphics/batik-transcoder/1.10/batik-transcoder-1.10.jar
7f75b48fe000-7f75b4901000 r--s 0001e000 08:06 5521894                    /home/nicolas/.m2/repository/com/conversantmedia/disruptor/1.2.13/disruptor-1.2.13.jar
7f75b4901000-7f75b4904000 r--s 0001b000 08:06 3041522                    /home/nicolas/.m2/repository/org/geotools/xsd/gt-xsd-gml2/21.1/gt-xsd-gml2-21.1.jar
7f75b4904000-7f75b4907000 r--s 0000f000 08:06 3041648                    /home/nicolas/.m2/repository/org/geotools/xsd/gt-xsd-fes/21.1/gt-xsd-fes-21.1.jar
7f75b4907000-7f75b490b000 r--s 00036000 08:06 4593911                    /home/nicolas/.m2/repository/org/eclipse/emf/org.eclipse.emf.ecore.xmi/2.15.0/org.eclipse.emf.ecore.xmi-2.15.0.jar
7f75b490b000-7f75b4910000 r--s 00035000 08:06 3041653                    /home/nicolas/.m2/repository/org/geotools/ogc/net.opengis.fes/21.1/net.opengis.fes-21.1.jar
7f75b4910000-7f75b4912000 r--s 0000c000 08:06 3041516                    /home/nicolas/.m2/repository/org/geotools/ogc/org.w3.xlink/21.1/org.w3.xlink-21.1.jar
7f75b4912000-7f75b4914000 r--s 0000b000 08:06 3041684                    /home/nicolas/.m2/repository/org/geotools/xsd/gt-xsd-wmts/21.1/gt-xsd-wmts-21.1.jar
7f75b4914000-7f75b4916000 r--s 00009000 08:06 3041683                    /home/nicolas/.m2/repository/org/geotools/gt-tile-client/21.1/gt-tile-client-21.1.jar
7f75b4916000-7f75b4918000 r--s 00005000 08:06 2752589                    /home/nicolas/.m2/repository/stax/stax-api/1.0.1/stax-api-1.0.1.jar
7f75b4918000-7f75b491a000 r--s 0000c000 08:06 5114570                    /home/nicolas/.m2/repository/javax/activation/javax.activation-api/1.2.0/javax.activation-api-1.2.0.jar
7f75b491a000-7f75b492e000 r--s 000f7000 08:06 3038553                    /home/nicolas/.m2/repository/org/glassfish/jaxb/jaxb-runtime/2.4.0-b180830.0438/jaxb-runtime-2.4.0-b180830.0438.jar
7f75b492e000-7f75b4932000 r--s 0001c000 08:06 5114568                    /home/nicolas/.m2/repository/javax/xml/bind/jaxb-api/2.4.0-b180830.0359/jaxb-api-2.4.0-b180830.0359.jar
7f75b4932000-7f75b4a09000 r--s 007a9000 08:06 3156437                    /home/nicolas/.m2/repository/net/sf/ehcache/ehcache/2.10.3/ehcache-2.10.3.jar
7f75b4a09000-7f75b4a0a000 r--s 00002000 08:06 3038550                    /home/nicolas/.m2/repository/org/jaitools/jt-vectorbinarize/1.5.0/jt-vectorbinarize-1.5.0.jar
7f75b4a0a000-7f75b4a0b000 r--s 00005000 08:06 3041668                    /home/nicolas/.m2/repository/org/geotools/gt-image/21.1/gt-image-21.1.jar
7f75b4a0b000-7f75b4a0d000 r--s 00005000 08:06 2764442                    /home/nicolas/.m2/repository/it/geosolutions/imageio-ext/imageio-ext-geocore/1.2.1/imageio-ext-geocore-1.2.1.jar
7f75b4a0d000-7f75b4a10000 r--s 0000b000 08:06 2764438                    /home/nicolas/.m2/repository/it/geosolutions/imageio-ext/imageio-ext-streams/1.2.1/imageio-ext-streams-1.2.1.jar
7f75b4a10000-7f75b4a12000 r--s 00009000 08:06 3041674                    /home/nicolas/.m2/repository/org/geotools/gt-transform/21.1/gt-transform-21.1.jar
7f75b4a12000-7f75b4a13000 r--s 00001000 08:06 3945670                    /home/nicolas/.m2/repository/xmlpull/xmlpull/1.1.3.1/xmlpull-1.1.3.1.jar
7f75b4a13000-7f75b4a1b000 r--s 00037000 08:06 3038548                    /home/nicolas/.m2/repository/org/springframework/spring-tx/5.1.1.RELEASE/spring-tx-5.1.1.RELEASE.jar
7f75b4a1b000-7f75b4a29000 r--s 0016d000 08:06 3038544                    /home/nicolas/.m2/repository/org/hsqldb/hsqldb/2.4.1/hsqldb-2.4.1.jar
7f75b4a29000-7f75b4a2b000 r--s 00005000 08:06 2764449                    /home/nicolas/.m2/repository/xpp3/xpp3_min/1.1.4c/xpp3_min-1.1.4c.jar
7f75b4a2b000-7f75b4a44000 r--s 00167000 08:06 3041524                    /home/nicolas/.m2/repository/org/geotools/xsd/gt-xsd-gml3/21.1/gt-xsd-gml3-21.1.jar
7f75b4a44000-7f75b4a46000 r--s 0000d000 08:06 3041642                    /home/nicolas/.m2/repository/org/geotools/gt-complex/21.1/gt-complex-21.1.jar
7f75b4a46000-7f75b4a49000 r--s 00025000 08:06 2764447                    /home/nicolas/.m2/repository/commons-dbcp/commons-dbcp/1.4/commons-dbcp-1.4.jar
7f75b4a49000-7f75b4a4b000 r--s 00008000 08:06 2764685                    /home/nicolas/.m2/repository/it/geosolutions/jaiext/shadedrelief/jt-shadedrelief/1.1.9/jt-shadedrelief-1.1.9.jar
7f75b4a4b000-7f75b4a4c000 r--s 00004000 08:06 2764684                    /home/nicolas/.m2/repository/it/geosolutions/jaiext/vectorbin/jt-vectorbin/1.1.9/jt-vectorbin-1.1.9.jar
7f75b4a4c000-7f75b4a4d000 r--s 00004000 08:06 2764680                    /home/nicolas/.m2/repository/it/geosolutions/jaiext/rlookup/jt-rlookup/1.1.9/jt-rlookup-1.1.9.jar
7f75b4a4d000-7f75b4a4e000 r--s 00004000 08:06 2764679                    /home/nicolas/.m2/repository/it/geosolutions/jaiext/classifier/jt-classifier/1.1.9/jt-classifier-1.1.9.jar
7f75b4a4e000-7f75b4a50000 r--s 00008000 08:06 2764677                    /home/nicolas/.m2/repository/it/geosolutions/jaiext/piecewise/jt-piecewise/1.1.9/jt-piecewise-1.1.9.jar
7f75b4a50000-7f75b4a52000 r--s 00002000 08:06 2764676                    /home/nicolas/.m2/repository/it/geosolutions/jaiext/imagefunction/jt-imagefunction/1.1.9/jt-imagefunction-1.1.9.jar
7f75b4a52000-7f75b4a54000 r--s 00008000 08:06 2764674                    /home/nicolas/.m2/repository/it/geosolutions/jaiext/colorindexer/jt-colorindexer/1.1.9/jt-colorindexer-1.1.9.jar
7f75b4a54000-7f75b4a55000 r--s 00006000 08:06 2764673                    /home/nicolas/.m2/repository/it/geosolutions/jaiext/orderdither/jt-orderdither/1.1.9/jt-orderdither-1.1.9.jar
7f75b4a55000-7f75b4a56000 r--s 00004000 08:06 2764668                    /home/nicolas/.m2/repository/it/geosolutions/jaiext/errordiffusion/jt-errordiffusion/1.1.9/jt-errordiffusion-1.1.9.jar
7f75b4a56000-7f75b4a58000 r--s 00010000 08:06 2764667                    /home/nicolas/.m2/repository/it/geosolutions/jaiext/colorconvert/jt-colorconvert/1.1.9/jt-colorconvert-1.1.9.jar
7f75b4a58000-7f75b4a59000 r--s 00001000 08:06 2764666                    /home/nicolas/.m2/repository/it/geosolutions/jaiext/format/jt-format/1.1.9/jt-format-1.1.9.jar
7f75b4a59000-7f75b4a5a000 r--s 00003000 08:06 2764665                    /home/nicolas/.m2/repository/it/geosolutions/jaiext/binarize/jt-binarize/1.1.9/jt-binarize-1.1.9.jar
7f75b4a5a000-7f75b4a5b000 r--s 00008000 08:06 2764660                    /home/nicolas/.m2/repository/it/geosolutions/jaiext/zonal/jt-zonal/1.1.9/jt-zonal-1.1.9.jar
7f75b4a5b000-7f75b4a5d000 r--s 00010000 08:06 2764659                    /home/nicolas/.m2/repository/it/geosolutions/jaiext/warp/jt-warp/1.1.9/jt-warp-1.1.9.jar
7f75b4a5d000-7f75b4a60000 r--s 00027000 08:06 2764656                    /home/nicolas/.m2/repository/it/geosolutions/jaiext/utilities/jt-utilities/1.1.9/jt-utilities-1.1.9.jar
7f75b4a60000-7f75b4a61000 r--s 00002000 08:06 2764654                    /home/nicolas/.m2/repository/it/geosolutions/jaiext/translate/jt-translate/1.1.9/jt-translate-1.1.9.jar
7f75b4a61000-7f75b4a62000 r--s 00008000 08:06 2764638                    /home/nicolas/.m2/repository/it/geosolutions/jaiext/stats/jt-stats/1.1.9/jt-stats-1.1.9.jar
7f75b4a62000-7f75b4a64000 r--s 00016000 08:06 2764652                    /home/nicolas/.m2/repository/it/geosolutions/jaiext/scale2/jt-scale2/1.1.9/jt-scale2-1.1.9.jar
7f75b4a64000-7f75b4a65000 r--s 00016000 08:06 2764650                    /home/nicolas/.m2/repository/it/geosolutions/jaiext/scale/jt-scale/1.1.9/jt-scale-1.1.9.jar
7f75b4a65000-7f75b4a66000 r--s 00004000 08:06 2764646                    /home/nicolas/.m2/repository/it/geosolutions/jaiext/rescale/jt-rescale/1.1.9/jt-rescale-1.1.9.jar
7f75b4a66000-7f75b4a67000 r--s 00001000 08:06 2764645                    /home/nicolas/.m2/repository/it/geosolutions/jaiext/nullop/jt-nullop/1.1.9/jt-nullop-1.1.9.jar
7f75b4a67000-7f75b4a68000 r--s 00008000 08:06 2764644                    /home/nicolas/.m2/repository/it/geosolutions/jaiext/mosaic/jt-mosaic/1.1.9/jt-mosaic-1.1.9.jar
7f75b4a68000-7f75b4a6a000 r--s 00009000 08:06 2764640                    /home/nicolas/.m2/repository/it/geosolutions/jaiext/lookup/jt-lookup/1.1.9/jt-lookup-1.1.9.jar
7f75b4a6a000-7f75b4a6c000 r--s 00005000 08:06 2764639                    /home/nicolas/.m2/repository/it/geosolutions/jaiext/iterators/jt-iterators/1.1.9/jt-iterators-1.1.9.jar
7f75b4a6c000-7f75b4a6d000 r--s 00002000 08:06 2764636                    /home/nicolas/.m2/repository/it/geosolutions/jaiext/crop/jt-crop/1.1.9/jt-crop-1.1.9.jar
7f75b4a6d000-7f75b4a6e000 r--s 00004000 08:06 2764635                    /home/nicolas/.m2/repository/it/geosolutions/jaiext/buffer/jt-buffer/1.1.9/jt-buffer-1.1.9.jar
7f75b4a6e000-7f75b4a6f000 r--s 00003000 08:06 2764633                    /home/nicolas/.m2/repository/it/geosolutions/jaiext/border/jt-border/1.1.9/jt-border-1.1.9.jar
7f75b4a6f000-7f75b4a71000 r--s 00003000 08:06 2764631                    /home/nicolas/.m2/repository/it/geosolutions/jaiext/bandcombine/jt-bandcombine/1.1.9/jt-bandcombine-1.1.9.jar
7f75b4a71000-7f75b4a73000 r--s 00001000 08:06 2764629                    /home/nicolas/.m2/repository/it/geosolutions/jaiext/bandselect/jt-bandselect/1.1.9/jt-bandselect-1.1.9.jar
7f75b4a73000-7f75b4a74000 r--s 00008000 08:06 2764626                    /home/nicolas/.m2/repository/it/geosolutions/jaiext/bandmerge/jt-bandmerge/1.1.9/jt-bandmerge-1.1.9.jar
7f75b4a74000-7f75b4a76000 r--s 0000c000 08:06 2764624                    /home/nicolas/.m2/repository/it/geosolutions/jaiext/algebra/jt-algebra/1.1.9/jt-algebra-1.1.9.jar
7f75b4a76000-7f75b4a78000 r--s 0001d000 08:06 2764622                    /home/nicolas/.m2/repository/it/geosolutions/jaiext/affine/jt-affine/1.1.9/jt-affine-1.1.9.jar
7f75b4a78000-7f75b4a79000 r--s 00004000 08:06 3038541                    /home/nicolas/.m2/repository/org/jaitools/jt-zonalstats/1.5.0/jt-zonalstats-1.5.0.jar
7f75b4a79000-7f75b4a82000 r--s 0004e000 08:06 2764368                    /home/nicolas/.m2/repository/it/geosolutions/imageio-ext/imageio-ext-tiff/1.2.1/imageio-ext-tiff-1.2.1.jar
7f75b4a82000-7f75b4a8e000 r--s 000b6000 08:06 3041528                    /home/nicolas/.m2/repository/org/geotools/gt-xml/21.1/gt-xml-21.1.jar
7f75b4a8e000-7f75b4a91000 r--s 00013000 08:06 3156260                    /home/nicolas/.m2/repository/net/sf/ezmorph/ezmorph/1.0.6/ezmorph-1.0.6.jar
7f75b4a91000-7f75b4a96000 r--s 00040000 08:06 6556252                    /home/nicolas/.m2/repository/commons-lang/commons-lang/2.5/commons-lang-2.5.jar
7f75b4a96000-7f75b4a99000 r--s 0001b000 08:06 2764228                    /home/nicolas/.m2/repository/xpp3/xpp3/1.1.3.4.O/xpp3-1.1.3.4.O.jar
7f75b4a99000-7f75b4aa0000 r--s 00042000 08:06 3041527                    /home/nicolas/.m2/repository/org/geotools/xsd/gt-xsd-core/21.1/gt-xsd-core-21.1.jar
7f75b4aa0000-7f75b4aa3000 r--s 0001c000 08:06 3041518                    /home/nicolas/.m2/repository/org/geotools/xsd/gt-xsd-ows/21.1/gt-xsd-ows-21.1.jar
7f75b4aa3000-7f75b4aae000 r--s 00086000 08:06 3041514                    /home/nicolas/.m2/repository/org/geotools/ogc/net.opengis.ows/21.1/net.opengis.ows-21.1.jar
7f75b4aae000-7f75b4aaf000 r--s 00003000 08:06 6426689                    /home/nicolas/.m2/repository/com/googlecode/json-simple/json-simple/1.1/json-simple-1.1.jar
7f75b4aaf000-7f75b4abc000 r--s 00083000 08:06 3943075                    /home/nicolas/.m2/repository/commons-collections/commons-collections/3.2.2/commons-collections-3.2.2.jar
7f75b4abc000-7f75b4abe000 r--s 0000e000 08:06 6556891                    /home/nicolas/.m2/repository/commons-logging/commons-logging/1.2/commons-logging-1.2.jar
7f75b4abe000-7f75b4ac1000 r--s 0000e000 08:06 5898252                    /home/nicolas/.m2/repository/com/fasterxml/jackson/core/jackson-annotations/2.9.10/jackson-annotations-2.9.10.jar
7f75b4ac1000-7f75b4ad3000 r--s 000b7000 08:06 2110236                    /home/nicolas/.gradle/caches/modules-2/files-2.1/org.testng/testng/6.13.1/2495393a0b4b7d7a4b49ea1f8516376f70f482c/testng-6.13.1.jar
7f75b4ad3000-7f75b4ad7000 r--s 00021000 08:06 2100685                    /home/nicolas/.gradle/caches/modules-2/files-2.1/org.junit.jupiter/junit-jupiter-engine/5.3.2/69350316a14c46d8f6c4c909e469ec9edf58c4f8/junit-jupiter-engine-5.3.2.jar
7f75b4ad7000-7f75b4ada000 r--s 00015000 08:06 2100684                    /home/nicolas/.gradle/caches/modules-2/files-2.1/org.junit.platform/junit-platform-launcher/1.3.2/4c503033e9085087cf70d241142068f1e6bd8195/junit-platform-launcher-1.3.2.jar
7f75b4ada000-7f75b4ade000 r--s 0003e000 08:06 2752628                    /home/nicolas/.m2/repository/jline/jline/2.14.6/jline-2.14.6.jar
7f75b4ade000-7f75b4ae2000 r--s 00028000 08:06 5522262                    /home/nicolas/.m2/repository/com/thoughtworks/qdox/qdox/1.12.1/qdox-1.12.1.jar
7f75b4ae2000-7f75b4ae6000 r--s 00038000 08:06 2764883                    /home/nicolas/.m2/repository/info/picocli/picocli/3.7.0/picocli-3.7.0.jar
7f75b4ae6000-7f75b4ae8000 r--s 0000c000 08:06 5506718                    /home/nicolas/.m2/repository/commons-cli/commons-cli/1.4/commons-cli-1.4.jar
7f75b4ae8000-7f75b4ae9000 r--s 00002000 08:06 3539938                    /home/nicolas/.m2/repository/org/apache/ant/ant-antlr/1.9.13/ant-antlr-1.9.13.jar
7f75b4ae9000-7f75b4aea000 r--s 00004000 08:06 3670956                    /home/nicolas/.m2/repository/org/apache/ant/ant-launcher/1.9.13/ant-launcher-1.9.13.jar
7f75b4aea000-7f75b4aed000 r--s 0001b000 08:06 3539936                    /home/nicolas/.m2/repository/org/apache/ant/ant-junit/1.9.13/ant-junit-1.9.13.jar
7f75b4aed000-7f75b4b0c000 r--s 001da000 08:06 2110229                    /home/nicolas/.gradle/caches/modules-2/files-2.1/org.apache.ant/ant/1.9.13/7aff87f91ffda6916751e39bb5688f0a53710ec4/ant-1.9.13.jar
7f75b4b0c000-7f75b4b1c000 r--s 00156000 08:06 3041464                    /home/nicolas/.m2/repository/org/geotools/gt-referencing/21.1/gt-referencing-21.1.jar
7f75b4b1c000-7f75b4b37000 r--s 00134000 08:06 3038172                    /home/nicolas/.m2/repository/org/springframework/spring-web/5.1.1.RELEASE/spring-web-5.1.1.RELEASE.jar
7f75b4b37000-7f75b4b3c000 r--s 00040000 08:06 3038168                    /home/nicolas/.m2/repository/org/springframework/spring-expression/5.1.1.RELEASE/spring-expression-5.1.1.RELEASE.jar
7f75b4b3c000-7f75b4b3d000 r--s 00005000 08:06 3038165                    /home/nicolas/.m2/repository/org/springframework/spring-jcl/5.1.1.RELEASE/spring-jcl-5.1.1.RELEASE.jar
7f75b4b3d000-7f75b4b4b000 r--s 0004b000 08:06 3041470                    /home/nicolas/.m2/repository/org/geotools/gt-opengis/21.1/gt-opengis-21.1.jar
7f75b4b4b000-7f75b4b4f000 r--s 0002e000 08:06 3038542                    /home/nicolas/.m2/repository/org/jaitools/jt-utils/1.5.0/jt-utils-1.5.0.jar
7f75b4b4f000-7f75b4b51000 r--s 00007000 08:06 3042058                    /home/nicolas/.m2/repository/org/geotools/gt-csv/21.1/gt-csv-21.1.jar
7f75b4b51000-7f75b4b53000 r--s 00007000 08:06 3041784                    /home/nicolas/.m2/repository/org/geotools/gt-grid/21.1/gt-grid-21.1.jar
7f75b4b53000-7f75b4b54000 r--s 00005000 08:06 3041665                    /home/nicolas/.m2/repository/org/geotools/gt-arcgrid/21.1/gt-arcgrid-21.1.jar
7f75b4b54000-7f75b4b56000 r--s 00004000 08:06 3042040                    /home/nicolas/.m2/repository/org/geotools/gt-process-geometry/21.1/gt-process-geometry-21.1.jar
7f75b4b56000-7f75b4b57000 r--s 00009000 08:06 3042057                    /home/nicolas/.m2/repository/org/geotools/xsd/gt-xsd-wps/21.1/gt-xsd-wps-21.1.jar
7f75b4b57000-7f75b4b5c000 r--s 00032000 08:06 3042054                    /home/nicolas/.m2/repository/org/geotools/ogc/net.opengis.wps/21.1/net.opengis.wps-21.1.jar
7f75b4b5c000-7f75b4b5f000 r--s 0001b000 08:06 3041727                    /home/nicolas/.m2/repository/org/geoserver/gs-wcs1_0/2.15.1/gs-wcs1_0-2.15.1.jar
7f75b4b5f000-7f75b4b63000 r--s 00020000 08:06 3041736                    /home/nicolas/.m2/repository/org/geoserver/gs-wcs1_1/2.15.1/gs-wcs1_1-2.15.1.jar
7f75b4b63000-7f75b4b68000 r--s 00051000 08:06 3041742                    /home/nicolas/.m2/repository/org/geoserver/gs-wcs2_0/2.15.1/gs-wcs2_0-2.15.1.jar
7f75b4b68000-7f75b4b6c000 r--s 00024000 08:06 4206384                    /home/nicolas/.m2/repository/org/apache/httpcomponents/httpclient-cache/4.5.5/httpclient-cache-4.5.5.jar
7f75b4b6c000-7f75b4b7a000 r--s 000ae000 08:06 4335995                    /home/nicolas/.m2/repository/org/apache/httpcomponents/httpclient/4.5.5/httpclient-4.5.5.jar
7f75b4b7a000-7f75b4b7d000 r--s 00029000 08:06 3041781                    /home/nicolas/.m2/repository/org/geotools/gt-process-feature/21.1/gt-process-feature-21.1.jar
7f75b4b7d000-7f75b4b82000 r--s 00028000 08:06 3038735                    /home/nicolas/.m2/repository/org/springframework/spring-context-support/5.1.1.RELEASE/spring-context-support-5.1.1.RELEASE.jar
7f75b4b82000-7f75b4b8a000 r--s 00087000 08:06 3041661                    /home/nicolas/.m2/repository/org/geotools/gt-render/21.1/gt-render-21.1.jar
7f75b4b8a000-7f75b4b8d000 r--s 0001a000 08:06 3041779                    /home/nicolas/.m2/repository/org/geotools/gt-process-raster/21.1/gt-process-raster-21.1.jar
7f75b4b8d000-7f75b4bb2000 r--s 002de000 08:06 4982538                    /home/nicolas/.m2/repository/xalan/xalan/2.7.2/xalan-2.7.2.jar
7f75b4bb2000-7f75b4bb5000 r--s 00020000 08:06 2764493                    /home/nicolas/.m2/repository/ar/com/hjg/pngj/2.0.1/pngj-2.0.1.jar
7f75b4bb5000-7f75b4bb7000 r--s 00004000 08:06 2764484                    /home/nicolas/.m2/repository/it/geosolutions/imageio-ext/imageio-ext-png/1.2.1/imageio-ext-png-1.2.1.jar
7f75b4bb7000-7f75b4bc3000 r--s 00105000 08:06 6297520                    /home/nicolas/.m2/repository/com/lowagie/itext/2.1.5/itext-2.1.5.jar
7f75b4bc3000-7f75b4bc4000 r--s 00007000 08:06 3041666                    /home/nicolas/.m2/repository/org/geotools/gt-geotiff/21.1/gt-geotiff-21.1.jar
7f75b4bc4000-7f75b4bc5000 r--s 00004000 08:06 3041773                    /home/nicolas/.m2/repository/org/geotools/gt-svg/21.1/gt-svg-21.1.jar
7f75b4bc5000-7f75b4bc9000 r--s 00033000 08:06 3041673                    /home/nicolas/.m2/repository/org/geotools/gt-shapefile/21.1/gt-shapefile-21.1.jar
7f75b4bc9000-7f75b4bcc000 r--s 00018000 08:06 3041520                    /home/nicolas/.m2/repository/org/geotools/xsd/gt-xsd-filter/21.1/gt-xsd-filter-21.1.jar
7f75b4bcc000-7f75b4bd0000 r--s 00027000 08:06 3041646                    /home/nicolas/.m2/repository/org/geotools/xsd/gt-xsd-wfs/21.1/gt-xsd-wfs-21.1.jar
7f75b4bd0000-7f75b4bd9000 r--s 0006d000 08:06 3041650                    /home/nicolas/.m2/repository/org/geotools/ogc/net.opengis.wfs/21.1/net.opengis.wfs-21.1.jar
7f75b4bd9000-7f75b4bdb000 r--s 00010000 08:06 3041681                    /home/nicolas/.m2/repository/org/geotools/gt-wmts/21.1/gt-wmts-21.1.jar
7f75b4bdb000-7f75b4bdd000 r--s 0000c000 08:06 5521902                    /home/nicolas/.m2/repository/org/codehaus/jettison/jettison/1.0.1/jettison-1.0.1.jar
7f75b4bdd000-7f75b4c35000 r--s 003a7000 08:06 3038566                    /home/nicolas/.m2/repository/org/bouncycastle/bcprov-jdk15on/1.60/bcprov-jdk15on-1.60.jar
7f75b4c35000-7f75b4c36000 r--s 00004000 08:06 3038564                    /home/nicolas/.m2/repository/org/jasypt/jasypt-springsecurity3/1.9.2/jasypt-springsecurity3-1.9.2.jar
7f75b4c36000-7f75b4c3a000 r--s 0001c000 08:06 3038563                    /home/nicolas/.m2/repository/org/jasypt/jasypt/1.9.2/jasypt-1.9.2.jar
7f75b4c3a000-7f75b4c47000 r--s 000b2000 08:06 3038560                    /home/nicolas/.m2/repository/org/springframework/security/spring-security-config/5.1.1.RELEASE/spring-security-config-5.1.1.RELEASE.jar
7f75b4c47000-7f75b4c56000 r--s 00074000 08:06 3038555                    /home/nicolas/.m2/repository/org/springframework/security/spring-security-web/5.1.1.RELEASE/spring-security-web-5.1.1.RELEASE.jar
7f75b4c56000-7f75b4c62000 r--s 0005e000 08:06 3038278                    /home/nicolas/.m2/repository/org/springframework/security/spring-security-core/5.1.1.RELEASE/spring-security-core-5.1.1.RELEASE.jar
7f75b4c62000-7f75b4c6a000 r--s 00077000 08:06 3041672                    /home/nicolas/.m2/repository/org/geotools/gt-imagemosaic/21.1/gt-imagemosaic-21.1.jar
7f75b4c6a000-7f75b4c6c000 r--s 0000e000 08:06 5114547                    /home/nicolas/.m2/repository/javax/activation/activation/1.1/activation-1.1.jar
7f75b4c6c000-7f75b4c6e000 r--s 00004000 08:06 2764625                    /home/nicolas/.m2/repository/it/geosolutions/jaiext/concurrent-tile-cache/jt-concurrent-tile-cache/1.1.9/jt-concurrent-tile-cache-1.1.9.jar
7f75b4c6e000-7f75b4c7c000 r--s 00082000 08:06 5521896                    /home/nicolas/.m2/repository/com/thoughtworks/xstream/xstream/1.4.10/xstream-1.4.10.jar
7f75b4c7c000-7f75b4c86000 r--s 00059000 08:06 3038546                    /home/nicolas/.m2/repository/org/springframework/spring-jdbc/5.1.1.RELEASE/spring-jdbc-5.1.1.RELEASE.jar
7f75b4c86000-7f75b4c90000 r--s 00051000 08:06 3038160                    /home/nicolas/.m2/repository/org/springframework/spring-aop/5.1.1.RELEASE/spring-aop-5.1.1.RELEASE.jar
7f75b4c90000-7f75b4c95000 r--s 00028000 08:06 3041662                    /home/nicolas/.m2/repository/org/geotools/xsd/gt-xsd-sld/21.1/gt-xsd-sld-21.1.jar
7f75b4c95000-7f75b4c9a000 r--s 00035000 08:06 3041658                    /home/nicolas/.m2/repository/org/geotools/gt-wms/21.1/gt-wms-21.1.jar
7f75b4c9a000-7f75b4c9c000 r--s 00238000 08:06 3041656                    /home/nicolas/.m2/repository/org/geotools/gt-epsg-hsql/21.1/gt-epsg-hsql-21.1.jar
7f75b4c9c000-7f75b4c9e000 r--s 00005000 08:06 3041655                    /home/nicolas/.m2/repository/org/geotools/gt-property/21.1/gt-property-21.1.jar
7f75b4c9e000-7f75b4ca3000 r--s 00039000 08:06 3041640                    /home/nicolas/.m2/repository/org/geotools/gt-wfs-ng/21.1/gt-wfs-ng-21.1.jar
7f75b4ca3000-7f75b4ca6000 r--s 00038000 08:06 3041638                    /home/nicolas/.m2/repository/org/geotools/gt-jdbc/21.1/gt-jdbc-21.1.jar
7f75b4ca6000-7f75b4cae000 r--s 0008f000 08:06 3041636                    /home/nicolas/.m2/repository/org/geotools/gt-coverage/21.1/gt-coverage-21.1.jar
7f75b4cae000-7f75b4cb7000 r--s 0006f000 08:06 3422080                    /home/nicolas/.m2/repository/log4j/log4j/1.2.17/log4j-1.2.17.jar
7f75b4cb7000-7f75b4cba000 r--s 0002e000 08:06 3041634                    /home/nicolas/.m2/repository/org/geotools/gt-cql/21.1/gt-cql-21.1.jar
7f75b4cba000-7f75b4cca000 r--s 000d2000 08:06 3038538                    /home/nicolas/.m2/repository/org/freemarker/freemarker/2.3.18/freemarker-2.3.18.jar
7f75b4cca000-7f75b4cd0000 r--s 00045000 08:06 2763797                    /home/nicolas/.m2/repository/commons-httpclient/commons-httpclient/3.1/commons-httpclient-3.1.jar
7f75b4cd0000-7f75b4cd4000 r--s 00031000 08:06 4852473                    /home/nicolas/.m2/repository/commons-io/commons-io/2.6/commons-io-2.6.jar
7f75b4cd4000-7f75b4cd7000 r--s 0000f000 08:06 2764223                    /home/nicolas/.m2/repository/commons-fileupload/commons-fileupload/1.3.3/commons-fileupload-1.3.3.jar
7f75b4cd7000-7f75b4cda000 r--s 00024000 08:06 2100683                    /home/nicolas/.gradle/caches/modules-2/files-2.1/net.sf.json-lib/json-lib/2.4/136743e0d12df4e785e62b48618cee169b2ae546/json-lib-2.4-jdk15.jar
7f75b4cda000-7f75b4cde000 r--s 00027000 08:06 3041515                    /home/nicolas/.m2/repository/org/geoserver/gs-ows/2.15.1/gs-ows-2.15.1.jar
7f75b4cde000-7f75b4ce4000 r--s 00045000 08:06 3038180                    /home/nicolas/.m2/repository/org/jdom/jdom2/2.0.6/jdom2-2.0.6.jar
7f75b4ce4000-7f75b4ce6000 r--s 0000e000 08:06 3041875                    /home/nicolas/.m2/repository/org/geotools/gt-geojson/21.1/gt-geojson-21.1.jar
7f75b4ce6000-7f75b4ce7000 r--s 00000000 08:06 5521739                    /home/nicolas/.m2/repository/org/codehaus/mojo/animal-sniffer-annotations/1.17/animal-sniffer-annotations-1.17.jar
7f75b4ce7000-7f75b4ce9000 r--s 00001000 08:06 5506724                    /home/nicolas/.m2/repository/com/google/j2objc/j2objc-annotations/1.1/j2objc-annotations-1.1.jar
7f75b4ce9000-7f75b4ceb000 r--s 00002000 08:06 5521737                    /home/nicolas/.m2/repository/com/google/errorprone/error_prone_annotations/2.2.0/error_prone_annotations-2.2.0.jar
7f75b4ceb000-7f75b4cf5000 r--s 00026000 08:06 3038213                    /home/nicolas/.m2/repository/org/checkerframework/checker-qual/2.5.2/checker-qual-2.5.2.jar
7f75b4cf5000-7f75b4cf7000 r--s 00003000 08:06 6426766                    /home/nicolas/.m2/repository/com/google/code/findbugs/jsr305/3.0.2/jsr305-3.0.2.jar
7f75b4cf7000-7f75b4cf8000 r--s 00000000 08:06 5521735                    /home/nicolas/.m2/repository/com/google/guava/listenablefuture/9999.0-empty-to-avoid-conflict-with-guava/listenablefuture-9999.0-empty-to-avoid-conflict-with-guava.jar
7f75b4cf8000-7f75b4cf9000 r--s 00000000 08:06 5521733                    /home/nicolas/.m2/repository/com/google/guava/failureaccess/1.0/failureaccess-1.0.jar
7f75b4cf9000-7f75b4cfb000 r--s 00009000 08:06 3812038                    /home/nicolas/.m2/repository/org/hamcrest/hamcrest-core/1.3/hamcrest-core-1.3.jar
7f75b4cfb000-7f75b4d00000 r--s 00038000 08:06 4075011                    /home/nicolas/.m2/repository/commons-beanutils/commons-beanutils/1.9.3/commons-beanutils-1.9.3.jar
7f75b4d00000-7f75b4d27000 r--s 001f6000 08:06 6297509                    /home/nicolas/.m2/repository/org/apache/commons/commons-math3/3.6.1/commons-math3-3.6.1.jar
7f75b4d27000-7f75b4d3a000 r--s 00137000 08:06 5898250                    /home/nicolas/.m2/repository/com/fasterxml/jackson/core/jackson-databind/2.9.10/jackson-databind-2.9.10.jar
7f75b4d3a000-7f75b4d3c000 r--s 0000e000 08:06 3042190                    /home/nicolas/.m2/repository/org/orbisgis/poly2tri-core/0.1.2/poly2tri-core-0.1.2.jar
7f75b4d3c000-7f75b4d3e000 r--s 00044000 08:06 3042186                    /home/nicolas/.m2/repository/org/orbisgis/h2gis-utilities/1.5.0/h2gis-utilities-1.5.0.jar
7f75b4d3e000-7f75b4d3f000 r--s 00001000 08:06 3042188                    /home/nicolas/.m2/repository/org/orbisgis/h2gis-api/1.5.0/h2gis-api-1.5.0.jar
7f75b4d3f000-7f75b4d4f000 r--s 001c7000 08:06 5520932                    /home/nicolas/.m2/repository/com/h2database/h2/1.4.197/h2-1.4.197.jar
7f75b4d4f000-7f75b4d55000 r--s 00074000 08:06 3042192                    /home/nicolas/.m2/repository/org/orbisgis/cts/1.5.2/cts-1.5.2.jar
7f75b4d55000-7f75b4d60000 r--s 00086000 08:06 5520979                    /home/nicolas/.m2/repository/org/apache/commons/commons-compress/1.18/commons-compress-1.18.jar
7f75b4d60000-7f75b4d62000 r--s 0000e000 08:06 2100682                    /home/nicolas/.gradle/caches/modules-2/files-2.1/org.ejml/denseC64/0.29/1c9016de9f3f6a96011c7487315953f7ccf2e9cd/denseC64-0.29.jar
7f75b4d62000-7f75b4d64000 r--s 00002000 08:06 2100681                    /home/nicolas/.gradle/caches/modules-2/files-2.1/org.ejml/simple/0.29/d3cfefc0d9d0fcbcd37014bbe33da836fe47464f/simple-0.29.jar
7f75b4d64000-7f75b4d68000 r--s 00044000 08:06 2100680                    /home/nicolas/.gradle/caches/modules-2/files-2.1/org.ejml/dense64/0.29/3cae6162c012153c7e9a8e5b14682e39a69ee276/dense64-0.29.jar
7f75b4d68000-7f75b4d6b000 r--s 0000f000 08:06 2100679                    /home/nicolas/.gradle/caches/modules-2/files-2.1/org.ejml/core/0.29/d22f8314e3d7fa637aec33571c0734c58892aa29/core-0.29.jar
7f75b4d6b000-7f75b4d6f000 r--s 0001e000 08:06 2100678                    /home/nicolas/.gradle/caches/modules-2/files-2.1/org.ejml/equation/0.29/7aa8d21a40e9b8dcb0f6cb7bdcea921239e5863c/equation-0.29.jar
7f75b4d6f000-7f75b4d74000 r--s 00032000 08:06 2100677                    /home/nicolas/.gradle/caches/modules-2/files-2.1/org.codehaus.groovy/groovy-xml/2.5.5/9de098bd721e65d54b11fbf44b28f47016a133fc/groovy-xml-2.5.5.jar
7f75b4d74000-7f75b4d75000 r--s 00002000 08:06 2100676                    /home/nicolas/.gradle/caches/modules-2/files-2.1/org.codehaus.groovy/groovy-testng/2.5.5/20332466d5061d244aad5f371bbd0427007ce4e2/groovy-testng-2.5.5.jar
7f75b4d75000-7f75b4d77000 r--s 00002000 08:06 2100675                    /home/nicolas/.gradle/caches/modules-2/files-2.1/org.codehaus.groovy/groovy-test-junit5/2.5.5/2fd36ecfdc0c1e7bc69858dc5c4c8418b9e29682/groovy-test-junit5-2.5.5.jar
7f75b4d77000-7f75b4d79000 r--s 00013000 08:06 2100674                    /home/nicolas/.gradle/caches/modules-2/files-2.1/org.codehaus.groovy/groovy-test/2.5.5/f138c13df391c420df6bf8e52e5c8248c61e9cfa/groovy-test-2.5.5.jar
7f75b4d79000-7f75b4d7b000 r--s 00017000 08:06 5769253                    /home/nicolas/.m2/repository/org/codehaus/groovy/groovy-templates/2.5.5/groovy-templates-2.5.5.jar
7f75b4d7b000-7f75b4d82000 r--s 00055000 08:06 2100673                    /home/nicolas/.gradle/caches/modules-2/files-2.1/org.codehaus.groovy/groovy-swing/2.5.5/fab6d6f4931bc5375cee89b7ee071e05c38f7619/groovy-swing-2.5.5.jar
7f75b4d82000-7f75b4d85000 r--s 00012000 08:06 2100672                    /home/nicolas/.gradle/caches/modules-2/files-2.1/org.codehaus.groovy/groovy-sql/2.5.5/dd869f6e3979d98efc0848df994c178d6645d3dc/groovy-sql-2.5.5.jar
7f75b4d85000-7f75b4d86000 r--s 00006000 08:06 2100671                    /home/nicolas/.gradle/caches/modules-2/files-2.1/org.codehaus.groovy/groovy-servlet/2.5.5/79019983136067829be1470696355a397d7cfa87/groovy-servlet-2.5.5.jar
7f75b4d86000-7f75b4d87000 r--s 00004000 08:06 2100670                    /home/nicolas/.gradle/caches/modules-2/files-2.1/org.codehaus.groovy/groovy-nio/2.5.5/2c74e9fab2f4a1db93242a7357599f97fe0ea0e8/groovy-nio-2.5.5.jar
7f75b4d87000-7f75b4d8d000 r--s 00035000 08:06 2100669                    /home/nicolas/.gradle/caches/modules-2/files-2.1/org.codehaus.groovy/groovy-macro/2.5.5/ee1e459223b450d8f98b5b0efbe974d85a32e4a2/groovy-macro-2.5.5.jar
7f75b4d8d000-7f75b4d8f000 r--s 00004000 08:06 5769244                    /home/nicolas/.m2/repository/org/codehaus/groovy/groovy-jsr223/2.5.5/groovy-jsr223-2.5.5.jar
7f75b4d8f000-7f75b4d92000 r--s 0001e000 08:06 2100668                    /home/nicolas/.gradle/caches/modules-2/files-2.1/org.codehaus.groovy/groovy-json/2.5.5/3274bb68861c1ba9cf027ef54a592497555f365/groovy-json-2.5.5.jar
7f75b4d92000-7f75b4d94000 r--s 0001f000 08:06 2100667                    /home/nicolas/.gradle/caches/modules-2/files-2.1/org.codehaus.groovy/groovy-jmx/2.5.5/b6e613a1e886503409af0740870f209b7990ed34/groovy-jmx-2.5.5.jar
7f75b4d94000-7f75b4d9b000 r--s 00068000 08:06 2100157                    /home/nicolas/.gradle/caches/modules-2/files-2.1/org.codehaus.groovy/groovy-groovysh/2.5.5/4cf6c504d4c3a1374138f0d10709b89fdd2175fd/groovy-groovysh-2.5.5.jar
7f75b4d9b000-7f75b4d9e000 r--s 00020000 08:06 5769248                    /home/nicolas/.m2/repository/org/codehaus/groovy/groovy-groovydoc/2.5.5/groovy-groovydoc-2.5.5.jar
7f75b4d9e000-7f75b4da1000 r--s 0001d000 08:06 5769255                    /home/nicolas/.m2/repository/org/codehaus/groovy/groovy-docgenerator/2.5.5/groovy-docgenerator-2.5.5.jar
7f75b4da1000-7f75b4da2000 r--s 00004000 08:06 2100156                    /home/nicolas/.gradle/caches/modules-2/files-2.1/org.codehaus.groovy/groovy-datetime/2.5.5/617f9e499a0b25927e08706523a34ef0df1ab9e9/groovy-datetime-2.5.5.jar
7f75b4da2000-7f75b4daf000 r--s 000a9000 08:06 2100155                    /home/nicolas/.gradle/caches/modules-2/files-2.1/org.codehaus.groovy/groovy-console/2.5.5/fd1903c1b94b6131b3617c7308fbb8f80fd6e54e/groovy-console-2.5.5.jar
7f75b4daf000-7f75b4db1000 r--s 0000e000 08:06 5769250                    /home/nicolas/.m2/repository/org/codehaus/groovy/groovy-cli-picocli/2.5.5/groovy-cli-picocli-2.5.5.jar
7f75b4db1000-7f75b4db3000 r--s 00011000 08:06 2100153                    /home/nicolas/.gradle/caches/modules-2/files-2.1/org.codehaus.groovy/groovy-cli-commons/2.5.5/4a814d163a7299f7ca875121a753216cf549fd97/groovy-cli-commons-2.5.5.jar
7f75b4db3000-7f75b4db5000 r--s 00011000 08:06 5769247                    /home/nicolas/.m2/repository/org/codehaus/groovy/groovy-ant/2.5.5/groovy-ant-2.5.5.jar
7f75b4db5000-7f75b4e0d000 r--s 004da000 08:06 2100129                    /home/nicolas/.gradle/caches/modules-2/files-2.1/org.codehaus.groovy/groovy/2.5.5/2388f952b369f6b11cde8e15ec872e9ca3e0ff3e/groovy-2.5.5.jar
7f75b4e0d000-7f75b4e2d000 r--s 001cb000 08:06 3041466                    /home/nicolas/.m2/repository/org/geotools/gt-main/21.1/gt-main-21.1.jar
7f75b4e2d000-7f75b4e3c000 r--s 000b4000 08:06 3038170                    /home/nicolas/.m2/repository/org/springframework/spring-webmvc/5.1.1.RELEASE/spring-webmvc-5.1.1.RELEASE.jar
7f75b4e3c000-7f75b4e56000 r--s 000f3000 08:06 3038163                    /home/nicolas/.m2/repository/org/springframework/spring-context/5.1.1.RELEASE/spring-context-5.1.1.RELEASE.jar
7f75b4e56000-7f75b4e6f000 r--s 00122000 08:06 3038166                    /home/nicolas/.m2/repository/org/springframework/spring-core/5.1.1.RELEASE/spring-core-5.1.1.RELEASE.jar
7f75b4e6f000-7f75b4e7b000 r--s 00098000 08:06 3038158                    /home/nicolas/.m2/repository/org/springframework/spring-beans/5.1.1.RELEASE/spring-beans-5.1.1.RELEASE.jar
7f75b4e7b000-7f75b4e7f000 r--s 0001e000 08:06 3041474                    /home/nicolas/.m2/repository/org/geoserver/gs-platform/2.15.1/gs-platform-2.15.1.jar
7f75b4e7f000-7f75b4e88000 r--s 0007e000 08:06 3041468                    /home/nicolas/.m2/repository/org/geotools/gt-metadata/21.1/gt-metadata-21.1.jar
7f75b4e88000-7f75b4e8b000 r--s 0000d000 08:06 3041775                    /home/nicolas/.m2/repository/org/geotools/gt-process/21.1/gt-process-21.1.jar
7f75b4e8b000-7f75b4e94000 r--s 00064000 08:06 3042052                    /home/nicolas/.m2/repository/org/geoserver/extension/gs-wps-core/2.15.1/gs-wps-core-2.15.1.jar
7f75b4e94000-7f75b4ea1000 r--s 00101000 08:06 3041780                    /home/nicolas/.m2/repository/org/geoserver/gs-wms/2.15.1/gs-wms-2.15.1.jar
7f75b4ea1000-7f75b4eae000 r--s 000ad000 08:06 3041748                    /home/nicolas/.m2/repository/org/geoserver/gs-wfs/2.15.1/gs-wfs-2.15.1.jar
7f75b4eae000-7f75b4ecd000 r--s 001cb000 08:06 3041639                    /home/nicolas/.m2/repository/org/geoserver/gs-main/2.15.1/gs-main-2.15.1.jar
7f75b4ecd000-7f75b4ed2000 r--s 0003b000 08:06 3041874                    /home/nicolas/.m2/repository/org/geoserver/gs-restconfig/2.15.1/gs-restconfig-2.15.1.jar
7f75b4ed2000-7f75b4ed4000 r--s 00010000 08:06 3041796                    /home/nicolas/.m2/repository/org/geoserver/gs-rest/2.15.1/gs-rest-2.15.1.jar
7f75b4ed4000-7f75b4f06000 r--s 0026d000 08:06 5521731                    /home/nicolas/.m2/repository/com/google/guava/guava/27.0-jre/guava-27.0-jre.jar
7f75b4f06000-7f75b4f0e000 r--s 00045000 08:06 5519221                    /home/nicolas/.m2/repository/junit/junit/4.12/junit-4.12.jar
7f75b4f0e000-7f75b4f0f000 r--s 00003000 08:06 2100722                    /home/nicolas/.gradle/caches/modules-2/files-2.1/org.slf4j/slf4j-simple/1.7.25/8dacf9514f0c707cbbcdd6fd699e8940d42fb54e/slf4j-simple-1.7.25.jar
7f75b4f0f000-7f75b4f12000 r--s 00017000 08:06 2100128                    /home/nicolas/.gradle/caches/modules-2/files-2.1/com.opencsv/opencsv/4.0/2b63c820c41cd1666df42f1ba296da9894961e59/opencsv-4.0.jar
7f75b4f12000-7f75b4f15000 r--s 00029000 08:06 3042193                    /home/nicolas/.m2/repository/org/orbisgis/noisemodelling-propagation/3.0.0-SNAPSHOT/noisemodelling-propagation-3.0.0-SNAPSHOT.jar
7f75b4f15000-7f75b4f16000 r--s 00005000 08:06 3042200                    /home/nicolas/.m2/repository/org/orbisgis/noisemodelling-emission/3.0.0-SNAPSHOT/noisemodelling-emission-3.0.0-SNAPSHOT.jar
7f75b4f16000-7f75b4f20000 r--s 000cc000 08:06 3042194                    /home/nicolas/.m2/repository/org/orbisgis/h2gis/1.5.0/h2gis-1.5.0.jar
7f75b4f20000-7f75b4f21000 r--s 00000000 08:06 2100051                    /home/nicolas/.gradle/caches/modules-2/files-2.1/org.ejml/all/0.29/31b3729d222d3ea055bb691213746e471fc1b474/all-0.29.jar
7f75b4f21000-7f75b4f29000 r--s 00097000 08:06 2100050                    /home/nicolas/.gradle/caches/modules-2/files-2.1/org.postgresql/postgresql/9.4-1201-jdbc41/870b0e689b514304461a9c1aba11920dc5de4321/postgresql-9.4-1201-jdbc41.jar
7f75b4f29000-7f75b4f2c000 r--s 00010000 08:06 3042036                    /home/nicolas/.m2/repository/org/geoserver/script/gs-script-core/2.15.1/gs-script-core-2.15.1.jar
7f75b4f2c000-7f75b4f2e000 r--s 00008000 08:06 7757284                    /home/nicolas/github/NoiseModelling/wps_scripts/libs/org/geoserver/script/gs-script-groovy/2.15.1/gs-script-groovy-2.15.1.jar
7f75b4f2e000-7f75b4f44000 r-xp 00000000 08:05 1707979                    /usr/lib/jvm/java-8-openjdk-amd64/jre/lib/amd64/libnet.so
7f75b4f44000-7f75b5143000 ---p 00016000 08:05 1707979                    /usr/lib/jvm/java-8-openjdk-amd64/jre/lib/amd64/libnet.so
7f75b5143000-7f75b5144000 r--p 00015000 08:05 1707979                    /usr/lib/jvm/java-8-openjdk-amd64/jre/lib/amd64/libnet.so
7f75b5144000-7f75b5145000 rw-p 00016000 08:05 1707979                    /usr/lib/jvm/java-8-openjdk-amd64/jre/lib/amd64/libnet.so
7f75b5145000-7f75b514d000 r--s 00045000 08:06 3807648                    /home/nicolas/libs/gradle-3.1/lib/plugins/junit-4.12.jar
7f75b514d000-7f75b5152000 r--s 00041000 08:06 3807482                    /home/nicolas/libs/gradle-3.1/lib/commons-lang-2.6.jar
7f75b5152000-7f75b5156000 r--s 00026000 08:06 3807505                    /home/nicolas/libs/gradle-3.1/lib/kryo-2.20.jar
7f75b5156000-7f75b515a000 r--s 0000f000 08:06 3807502                    /home/nicolas/libs/gradle-3.1/lib/native-platform-0.11.jar
7f75b515a000-7f75b5182000 r--s 001cf000 08:06 3807481                    /home/nicolas/libs/gradle-3.1/lib/guava-jdk5-17.0.jar
7f75b5182000-7f75b5188000 r--s 0002e000 08:06 3807618                    /home/nicolas/libs/gradle-3.1/lib/plugins/gradle-testing-jvm-3.1.jar
7f75b5188000-7f75b518c000 r--s 00016000 08:06 3807615                    /home/nicolas/libs/gradle-3.1/lib/plugins/gradle-testing-base-3.1.jar
7f75b518c000-7f75b5195000 r--s 0003f000 08:06 3807469                    /home/nicolas/libs/gradle-3.1/lib/gradle-base-services-3.1.jar
7f75b5195000-7f75b519b000 r--s 00025000 08:06 3807494                    /home/nicolas/libs/gradle-3.1/lib/gradle-messaging-3.1.jar
7f75b519b000-7f75b51d3000 r--s 001ce000 08:06 3807471                    /home/nicolas/libs/gradle-3.1/lib/gradle-core-3.1.jar
7f75b51d3000-7f75b51d4000 ---p 00000000 00:00 0 
7f75b51d4000-7f75b52d4000 rw-p 00000000 00:00 0 
7f75b52d4000-7f75b52d7000 ---p 00000000 00:00 0 
7f75b52d7000-7f75b53d5000 rw-p 00000000 00:00 0 
7f75b53d5000-7f75b53d6000 ---p 00000000 00:00 0 
7f75b53d6000-7f75b53d9000 ---p 00000000 00:00 0 
7f75b53d9000-7f75b54d6000 rw-p 00000000 00:00 0 
7f75b54d6000-7f75b54d7000 ---p 00000000 00:00 0 
7f75b54d7000-7f75b54da000 ---p 00000000 00:00 0 
7f75b54da000-7f75b55d7000 rw-p 00000000 00:00 0 
7f75b55d7000-7f75b55d8000 ---p 00000000 00:00 0 
7f75b55d8000-7f75b55db000 ---p 00000000 00:00 0 
7f75b55db000-7f75b56d8000 rw-p 00000000 00:00 0 
7f75b56d8000-7f75b56db000 ---p 00000000 00:00 0 
7f75b56db000-7f75b57d9000 rw-p 00000000 00:00 0 
7f75b57d9000-7f75b57ff000 r--p 00000000 08:05 398710                     /usr/share/locale-langpack/fr/LC_MESSAGES/libc.mo
7f75b57ff000-7f75b581a000 r--s 001d6000 08:05 1708003                    /usr/lib/jvm/java-8-openjdk-amd64/jre/lib/ext/nashorn.jar
7f75b581a000-7f75b5835000 r--s 00394000 08:05 1707998                    /usr/lib/jvm/java-8-openjdk-amd64/jre/lib/ext/cldrdata.jar
7f75b5835000-7f75b6204000 r--p 00000000 08:05 1840119                    /usr/lib/locale/locale-archive
7f75b6204000-7f75b6207000 ---p 00000000 00:00 0 
7f75b6207000-7f75b6305000 rw-p 00000000 00:00 0 
7f75b6305000-7f75b6308000 ---p 00000000 00:00 0 
7f75b6308000-7f75b6406000 rw-p 00000000 00:00 0 
7f75b6406000-7f75b6407000 ---p 00000000 00:00 0 
7f75b6407000-7f75b8000000 rw-p 00000000 00:00 0 
7f75b8000000-7f75b8021000 rw-p 00000000 00:00 0 
7f75b8021000-7f75bc000000 ---p 00000000 00:00 0 
7f75bc000000-7f75bc002000 r--s 00000000 08:06 3807506                    /home/nicolas/libs/gradle-3.1/lib/jul-to-slf4j-1.7.10.jar
7f75bc002000-7f75bc007000 r--s 0001b000 08:06 3807496                    /home/nicolas/libs/gradle-3.1/lib/gradle-logging-3.1.jar
7f75bc007000-7f75bc00e000 r--s 00000000 08:05 135160                     /usr/lib/x86_64-linux-gnu/gconv/gconv-modules.cache
7f75bc00e000-7f75bc4a2000 rw-p 00000000 00:00 0 
7f75bc4a2000-7f75bc672000 r--s 03c5c000 08:05 1708024                    /usr/lib/jvm/java-8-openjdk-amd64/jre/lib/rt.jar
7f75bc672000-7f75bc673000 ---p 00000000 00:00 0 
7f75bc673000-7f75bc773000 rw-p 00000000 00:00 0 
7f75bc773000-7f75bc774000 ---p 00000000 00:00 0 
7f75bc774000-7f75bc8ac000 rw-p 00000000 00:00 0 
7f75bc8ac000-7f75bcd7b000 ---p 00000000 00:00 0 
7f75bcd7b000-7f75bce05000 rw-p 00000000 00:00 0 
7f75bce05000-7f75bcfff000 ---p 00000000 00:00 0 
7f75bcfff000-7f75bd000000 rw-p 00000000 00:00 0 
7f75bd000000-7f75bdac0000 rwxp 00000000 00:00 0 
7f75bdac0000-7f75cc000000 ---p 00000000 00:00 0 
7f75cc000000-7f75cd136000 rw-p 00000000 00:00 0 
7f75cd136000-7f75d0000000 ---p 00000000 00:00 0 
7f75d0000000-7f75d0003000 r--s 00008000 08:06 3807478                    /home/nicolas/libs/gradle-3.1/lib/gradle-native-3.1.jar
7f75d0003000-7f75d0079000 rw-p 00000000 00:00 0 
7f75d0079000-7f75d007a000 ---p 00000000 00:00 0 
7f75d007a000-7f75d017a000 rw-p 00000000 00:00 0 
7f75d017a000-7f75d017b000 ---p 00000000 00:00 0 
7f75d017b000-7f75d02b3000 rw-p 00000000 00:00 0 
7f75d02b3000-7f75d0783000 ---p 00000000 00:00 0 
7f75d0783000-7f75d07ae000 rw-p 00000000 00:00 0 
7f75d07ae000-7f75d0b43000 ---p 00000000 00:00 0 
7f75d0b43000-7f75d0b4b000 r-xp 00000000 08:05 1707987                    /usr/lib/jvm/java-8-openjdk-amd64/jre/lib/amd64/libzip.so
7f75d0b4b000-7f75d0d4a000 ---p 00008000 08:05 1707987                    /usr/lib/jvm/java-8-openjdk-amd64/jre/lib/amd64/libzip.so
7f75d0d4a000-7f75d0d4b000 r--p 00007000 08:05 1707987                    /usr/lib/jvm/java-8-openjdk-amd64/jre/lib/amd64/libzip.so
7f75d0d4b000-7f75d0d4c000 rw-p 00008000 08:05 1707987                    /usr/lib/jvm/java-8-openjdk-amd64/jre/lib/amd64/libzip.so
7f75d0d4c000-7f75d0d57000 r-xp 00000000 08:05 1578720                    /lib/x86_64-linux-gnu/libnss_files-2.27.so
7f75d0d57000-7f75d0f56000 ---p 0000b000 08:05 1578720                    /lib/x86_64-linux-gnu/libnss_files-2.27.so
7f75d0f56000-7f75d0f57000 r--p 0000a000 08:05 1578720                    /lib/x86_64-linux-gnu/libnss_files-2.27.so
7f75d0f57000-7f75d0f58000 rw-p 0000b000 08:05 1578720                    /lib/x86_64-linux-gnu/libnss_files-2.27.so
7f75d0f58000-7f75d0f5e000 rw-p 00000000 00:00 0 
7f75d0f5e000-7f75d0f75000 r-xp 00000000 08:05 1578714                    /lib/x86_64-linux-gnu/libnsl-2.27.so
7f75d0f75000-7f75d1174000 ---p 00017000 08:05 1578714                    /lib/x86_64-linux-gnu/libnsl-2.27.so
7f75d1174000-7f75d1175000 r--p 00016000 08:05 1578714                    /lib/x86_64-linux-gnu/libnsl-2.27.so
7f75d1175000-7f75d1176000 rw-p 00017000 08:05 1578714                    /lib/x86_64-linux-gnu/libnsl-2.27.so
7f75d1176000-7f75d1178000 rw-p 00000000 00:00 0 
7f75d1178000-7f75d1183000 r-xp 00000000 08:05 1578731                    /lib/x86_64-linux-gnu/libnss_nis-2.27.so
7f75d1183000-7f75d1382000 ---p 0000b000 08:05 1578731                    /lib/x86_64-linux-gnu/libnss_nis-2.27.so
7f75d1382000-7f75d1383000 r--p 0000a000 08:05 1578731                    /lib/x86_64-linux-gnu/libnss_nis-2.27.so
7f75d1383000-7f75d1384000 rw-p 0000b000 08:05 1578731                    /lib/x86_64-linux-gnu/libnss_nis-2.27.so
7f75d1384000-7f75d138c000 r-xp 00000000 08:05 1578716                    /lib/x86_64-linux-gnu/libnss_compat-2.27.so
7f75d138c000-7f75d158c000 ---p 00008000 08:05 1578716                    /lib/x86_64-linux-gnu/libnss_compat-2.27.so
7f75d158c000-7f75d158d000 r--p 00008000 08:05 1578716                    /lib/x86_64-linux-gnu/libnss_compat-2.27.so
7f75d158d000-7f75d158e000 rw-p 00009000 08:05 1578716                    /lib/x86_64-linux-gnu/libnss_compat-2.27.so
7f75d158e000-7f75d15b8000 r-xp 00000000 08:05 1707964                    /usr/lib/jvm/java-8-openjdk-amd64/jre/lib/amd64/libjava.so
7f75d15b8000-7f75d17b7000 ---p 0002a000 08:05 1707964                    /usr/lib/jvm/java-8-openjdk-amd64/jre/lib/amd64/libjava.so
7f75d17b7000-7f75d17b8000 r--p 00029000 08:05 1707964                    /usr/lib/jvm/java-8-openjdk-amd64/jre/lib/amd64/libjava.so
7f75d17b8000-7f75d17ba000 rw-p 0002a000 08:05 1707964                    /usr/lib/jvm/java-8-openjdk-amd64/jre/lib/amd64/libjava.so
7f75d17ba000-7f75d17ca000 r-xp 00000000 08:05 1707986                    /usr/lib/jvm/java-8-openjdk-amd64/jre/lib/amd64/libverify.so
7f75d17ca000-7f75d19c9000 ---p 00010000 08:05 1707986                    /usr/lib/jvm/java-8-openjdk-amd64/jre/lib/amd64/libverify.so
7f75d19c9000-7f75d19cb000 r--p 0000f000 08:05 1707986                    /usr/lib/jvm/java-8-openjdk-amd64/jre/lib/amd64/libverify.so
7f75d19cb000-7f75d19cc000 rw-p 00011000 08:05 1707986                    /usr/lib/jvm/java-8-openjdk-amd64/jre/lib/amd64/libverify.so
7f75d19cc000-7f75d19d3000 r-xp 00000000 08:05 1578771                    /lib/x86_64-linux-gnu/librt-2.27.so
7f75d19d3000-7f75d1bd2000 ---p 00007000 08:05 1578771                    /lib/x86_64-linux-gnu/librt-2.27.so
7f75d1bd2000-7f75d1bd3000 r--p 00006000 08:05 1578771                    /lib/x86_64-linux-gnu/librt-2.27.so
7f75d1bd3000-7f75d1bd4000 rw-p 00007000 08:05 1578771                    /lib/x86_64-linux-gnu/librt-2.27.so
7f75d1bd4000-7f75d1beb000 r-xp 00000000 08:05 1578172                    /lib/x86_64-linux-gnu/libgcc_s.so.1
7f75d1beb000-7f75d1dea000 ---p 00017000 08:05 1578172                    /lib/x86_64-linux-gnu/libgcc_s.so.1
7f75d1dea000-7f75d1deb000 r--p 00016000 08:05 1578172                    /lib/x86_64-linux-gnu/libgcc_s.so.1
7f75d1deb000-7f75d1dec000 rw-p 00017000 08:05 1578172                    /lib/x86_64-linux-gnu/libgcc_s.so.1
7f75d1dec000-7f75d1f89000 r-xp 00000000 08:05 1578693                    /lib/x86_64-linux-gnu/libm-2.27.so
7f75d1f89000-7f75d2188000 ---p 0019d000 08:05 1578693                    /lib/x86_64-linux-gnu/libm-2.27.so
7f75d2188000-7f75d2189000 r--p 0019c000 08:05 1578693                    /lib/x86_64-linux-gnu/libm-2.27.so
7f75d2189000-7f75d218a000 rw-p 0019d000 08:05 1578693                    /lib/x86_64-linux-gnu/libm-2.27.so
7f75d218a000-7f75d2303000 r-xp 00000000 08:05 1835762                    /usr/lib/x86_64-linux-gnu/libstdc++.so.6.0.25
7f75d2303000-7f75d2503000 ---p 00179000 08:05 1835762                    /usr/lib/x86_64-linux-gnu/libstdc++.so.6.0.25
7f75d2503000-7f75d250d000 r--p 00179000 08:05 1835762                    /usr/lib/x86_64-linux-gnu/libstdc++.so.6.0.25
7f75d250d000-7f75d250f000 rw-p 00183000 08:05 1835762                    /usr/lib/x86_64-linux-gnu/libstdc++.so.6.0.25
7f75d250f000-7f75d2513000 rw-p 00000000 00:00 0 
7f75d2513000-7f75d31b2000 r-xp 00000000 08:05 1707989                    /usr/lib/jvm/java-8-openjdk-amd64/jre/lib/amd64/server/libjvm.so
7f75d31b2000-7f75d33b2000 ---p 00c9f000 08:05 1707989                    /usr/lib/jvm/java-8-openjdk-amd64/jre/lib/amd64/server/libjvm.so
7f75d33b2000-7f75d3446000 r--p 00c9f000 08:05 1707989                    /usr/lib/jvm/java-8-openjdk-amd64/jre/lib/amd64/server/libjvm.so
7f75d3446000-7f75d346f000 rw-p 00d33000 08:05 1707989                    /usr/lib/jvm/java-8-openjdk-amd64/jre/lib/amd64/server/libjvm.so
7f75d346f000-7f75d349f000 rw-p 00000000 00:00 0 
7f75d349f000-7f75d34b9000 r-xp 00000000 08:05 1578763                    /lib/x86_64-linux-gnu/libpthread-2.27.so
7f75d34b9000-7f75d36b8000 ---p 0001a000 08:05 1578763                    /lib/x86_64-linux-gnu/libpthread-2.27.so
7f75d36b8000-7f75d36b9000 r--p 00019000 08:05 1578763                    /lib/x86_64-linux-gnu/libpthread-2.27.so
7f75d36b9000-7f75d36ba000 rw-p 0001a000 08:05 1578763                    /lib/x86_64-linux-gnu/libpthread-2.27.so
7f75d36ba000-7f75d36be000 rw-p 00000000 00:00 0 
7f75d36be000-7f75d36c1000 r-xp 00000000 08:05 1578653                    /lib/x86_64-linux-gnu/libdl-2.27.so
7f75d36c1000-7f75d38c0000 ---p 00003000 08:05 1578653                    /lib/x86_64-linux-gnu/libdl-2.27.so
7f75d38c0000-7f75d38c1000 r--p 00002000 08:05 1578653                    /lib/x86_64-linux-gnu/libdl-2.27.so
7f75d38c1000-7f75d38c2000 rw-p 00003000 08:05 1578653                    /lib/x86_64-linux-gnu/libdl-2.27.so
7f75d38c2000-7f75d38de000 r-xp 00000000 08:05 1578802                    /lib/x86_64-linux-gnu/libz.so.1.2.11
7f75d38de000-7f75d3add000 ---p 0001c000 08:05 1578802                    /lib/x86_64-linux-gnu/libz.so.1.2.11
7f75d3add000-7f75d3ade000 r--p 0001b000 08:05 1578802                    /lib/x86_64-linux-gnu/libz.so.1.2.11
7f75d3ade000-7f75d3adf000 rw-p 0001c000 08:05 1578802                    /lib/x86_64-linux-gnu/libz.so.1.2.11
7f75d3adf000-7f75d3cc6000 r-xp 00000000 08:05 1578630                    /lib/x86_64-linux-gnu/libc-2.27.so
7f75d3cc6000-7f75d3ec6000 ---p 001e7000 08:05 1578630                    /lib/x86_64-linux-gnu/libc-2.27.so
7f75d3ec6000-7f75d3eca000 r--p 001e7000 08:05 1578630                    /lib/x86_64-linux-gnu/libc-2.27.so
7f75d3eca000-7f75d3ecc000 rw-p 001eb000 08:05 1578630                    /lib/x86_64-linux-gnu/libc-2.27.so
7f75d3ecc000-7f75d3ed0000 rw-p 00000000 00:00 0 
7f75d3ed0000-7f75d3ede000 r-xp 00000000 08:05 1707949                    /usr/lib/jvm/java-8-openjdk-amd64/jre/lib/amd64/jli/libjli.so
7f75d3ede000-7f75d40dd000 ---p 0000e000 08:05 1707949                    /usr/lib/jvm/java-8-openjdk-amd64/jre/lib/amd64/jli/libjli.so
7f75d40dd000-7f75d40de000 r--p 0000d000 08:05 1707949                    /usr/lib/jvm/java-8-openjdk-amd64/jre/lib/amd64/jli/libjli.so
7f75d40de000-7f75d40df000 rw-p 0000e000 08:05 1707949                    /usr/lib/jvm/java-8-openjdk-amd64/jre/lib/amd64/jli/libjli.so
7f75d40df000-7f75d4106000 r-xp 00000000 08:05 1578602                    /lib/x86_64-linux-gnu/ld-2.27.so
7f75d4106000-7f75d4107000 r--s 00005000 08:06 7748677                    /home/nicolas/github/NoiseModelling/wps_scripts/libs/noisemodelling/noisemodelling-wps/1.0-SNAPSHOT/noisemodelling-wps-1.0-SNAPSHOT.jar
7f75d4107000-7f75d4108000 r--s 00007000 08:06 3807480                    /home/nicolas/libs/gradle-3.1/lib/slf4j-api-1.7.10.jar
7f75d4108000-7f75d410a000 r--s 00005000 08:06 3807475                    /home/nicolas/libs/gradle-3.1/lib/gradle-cli-3.1.jar
7f75d410a000-7f75d4114000 r--s 00116000 08:05 1708002                    /usr/lib/jvm/java-8-openjdk-amd64/jre/lib/ext/localedata.jar
7f75d4114000-7f75d4117000 r--s 0000f000 08:05 1708000                    /usr/lib/jvm/java-8-openjdk-amd64/jre/lib/ext/icedtea-sound.jar
7f75d4117000-7f75d41e6000 rw-p 00000000 00:00 0 
7f75d41e6000-7f75d41e7000 ---p 00000000 00:00 0 
7f75d41e7000-7f75d41ea000 ---p 00000000 00:00 0 
7f75d41ea000-7f75d42e9000 rw-p 00000000 00:00 0 
7f75d42e9000-7f75d42eb000 r--s 00005000 08:06 2626198                    /home/nicolas/.gradle/caches/3.1/workerMain/gradle-worker.jar
7f75d42eb000-7f75d42ec000 r--s 0000a000 08:05 1708001                    /usr/lib/jvm/java-8-openjdk-amd64/jre/lib/ext/jaccess.jar
7f75d42ec000-7f75d42ef000 r--s 00039000 08:05 1708006                    /usr/lib/jvm/java-8-openjdk-amd64/jre/lib/ext/sunpkcs11.jar
7f75d42ef000-7f75d42f1000 r--s 00001000 08:05 1707999                    /usr/lib/jvm/java-8-openjdk-amd64/jre/lib/ext/dnsns.jar
7f75d42f1000-7f75d42f6000 r--s 0003c000 08:05 1708005                    /usr/lib/jvm/java-8-openjdk-amd64/jre/lib/ext/sunjce_provider.jar
7f75d42f6000-7f75d42f8000 r--s 00007000 08:05 266952                     /usr/share/java/java-atk-wrapper.jar
7f75d42f8000-7f75d42f9000 r--s 00010000 08:05 1708007                    /usr/lib/jvm/java-8-openjdk-amd64/jre/lib/ext/zipfs.jar
7f75d42f9000-7f75d42fa000 r--s 0000d000 08:05 1708004                    /usr/lib/jvm/java-8-openjdk-amd64/jre/lib/ext/sunec.jar
7f75d42fa000-7f75d4302000 rw-s 00000000 08:05 533144                     /tmp/hsperfdata_nicolas/27196
7f75d4302000-7f75d4303000 rw-p 00000000 00:00 0 
7f75d4303000-7f75d4304000 ---p 00000000 00:00 0 
7f75d4304000-7f75d4306000 rw-p 00000000 00:00 0 
7f75d4306000-7f75d4307000 r--p 00027000 08:05 1578602                    /lib/x86_64-linux-gnu/ld-2.27.so
7f75d4307000-7f75d4308000 rw-p 00028000 08:05 1578602                    /lib/x86_64-linux-gnu/ld-2.27.so
7f75d4308000-7f75d4309000 rw-p 00000000 00:00 0 
7ffea8be6000-7ffea8c07000 rw-p 00000000 00:00 0                          [stack]
7ffea8dd6000-7ffea8dd9000 r--p 00000000 00:00 0                          [vvar]
7ffea8dd9000-7ffea8dda000 r-xp 00000000 00:00 0                          [vdso]
ffffffffff600000-ffffffffff601000 r-xp 00000000 00:00 0                  [vsyscall]

VM Arguments:
jvm_args: -Djava.security.manager=worker.org.gradle.process.internal.worker.child.BootstrapSecurityManager -Dfile.encoding=UTF-8 -Duser.country=FR -Duser.language=fr -Duser.variant -ea 
java_command: worker.org.gradle.process.internal.worker.GradleWorkerMain 'Gradle Test Executor 2'
java_class_path (initial): /home/nicolas/.gradle/caches/3.1/workerMain/gradle-worker.jar
Launcher Type: SUN_STANDARD

Environment Variables:
PATH=/usr/local/sbin:/usr/local/bin:/usr/sbin:/usr/bin:/sbin:/bin:/usr/games:/usr/local/games:/snap/bin:/home/nicolas/libs/groovy-2.4.7/bin:/home/nicolas/soft/apache-maven-3.3.9/bin:.:/home/nicolas/libs/gradle-3.1/bin:/home/nicolas/n/bin
USERNAME=nicolas
LD_LIBRARY_PATH=:/usr/local/lib
SHELL=/bin/bash
DISPLAY=:0

Signal Handlers:
SIGSEGV: [libjvm.so+0xab92f0], sa_mask[0]=11111111011111111101111111111110, sa_flags=SA_RESTART|SA_SIGINFO
SIGBUS: [libjvm.so+0xab92f0], sa_mask[0]=11111111011111111101111111111110, sa_flags=SA_RESTART|SA_SIGINFO
SIGFPE: [libjvm.so+0x8ee560], sa_mask[0]=11111111011111111101111111111110, sa_flags=SA_RESTART|SA_SIGINFO
SIGPIPE: [libjvm.so+0x8ee560], sa_mask[0]=11111111011111111101111111111110, sa_flags=SA_RESTART|SA_SIGINFO
SIGXFSZ: [libjvm.so+0x8ee560], sa_mask[0]=11111111011111111101111111111110, sa_flags=SA_RESTART|SA_SIGINFO
SIGILL: [libjvm.so+0x8ee560], sa_mask[0]=11111111011111111101111111111110, sa_flags=SA_RESTART|SA_SIGINFO
SIGUSR1: SIG_DFL, sa_mask[0]=00000000000000000000000000000000, sa_flags=none
SIGUSR2: [libjvm.so+0x8ee410], sa_mask[0]=00100000000000000000000000000000, sa_flags=SA_RESTART|SA_SIGINFO
SIGHUP: [libjvm.so+0x8eea80], sa_mask[0]=11111111011111111101111111111110, sa_flags=SA_RESTART|SA_SIGINFO
SIGINT: [libjvm.so+0x8eea80], sa_mask[0]=11111111011111111101111111111110, sa_flags=SA_RESTART|SA_SIGINFO
SIGTERM: [libjvm.so+0x8eea80], sa_mask[0]=11111111011111111101111111111110, sa_flags=SA_RESTART|SA_SIGINFO
SIGQUIT: [libjvm.so+0x8eea80], sa_mask[0]=11111111011111111101111111111110, sa_flags=SA_RESTART|SA_SIGINFO


---------------  S Y S T E M  ---------------

OS:DISTRIB_ID=Ubuntu
DISTRIB_RELEASE=18.04
DISTRIB_CODENAME=bionic
DISTRIB_DESCRIPTION="Ubuntu 18.04.3 LTS"

uname:Linux 5.0.0-36-generic #39~18.04.1-Ubuntu SMP Tue Nov 12 11:09:50 UTC 2019 x86_64
libc:glibc 2.27 NPTL 2.27 
rlimit: STACK 8192k, CORE 0k, NPROC 61575, NOFILE 1048576, AS infinity
load average:13,91 7,49 6,00

/proc/meminfo:
MemTotal:       15811544 kB
MemFree:          138956 kB
MemAvailable:      39884 kB
Buffers:            1828 kB
Cached:           839032 kB
SwapCached:        12204 kB
Active:         13911276 kB
Inactive:        1292212 kB
Active(anon):   13889852 kB
Inactive(anon):  1262488 kB
Active(file):      21424 kB
Inactive(file):    29724 kB
Unevictable:         644 kB
Mlocked:             144 kB
SwapTotal:       1612208 kB
SwapFree:              0 kB
Dirty:                68 kB
Writeback:             8 kB
AnonPages:      14351876 kB
Mapped:           656892 kB
Shmem:            789068 kB
KReclaimable:      93296 kB
Slab:             207760 kB
SReclaimable:      93296 kB
SUnreclaim:       114464 kB
KernelStack:       24192 kB
PageTables:       109332 kB
NFS_Unstable:          0 kB
Bounce:                0 kB
WritebackTmp:          0 kB
CommitLimit:     9517980 kB
Committed_AS:   27195756 kB
VmallocTotal:   34359738367 kB
VmallocUsed:           0 kB
VmallocChunk:          0 kB
Percpu:             2816 kB
HardwareCorrupted:     0 kB
AnonHugePages:         0 kB
ShmemHugePages:        0 kB
ShmemPmdMapped:        0 kB
CmaTotal:              0 kB
CmaFree:               0 kB
HugePages_Total:       0
HugePages_Free:        0
HugePages_Rsvd:        0
HugePages_Surp:        0
Hugepagesize:       2048 kB
Hugetlb:               0 kB
DirectMap4k:      411136 kB
DirectMap2M:    14698496 kB
DirectMap1G:     2097152 kB

container (cgroup) information:
container_type: cgroupv1
cpu_cpuset_cpus: 0-3
cpu_memory_nodes: 0
active_processor_count: 4
cpu_quota: -1
cpu_period: 100000
cpu_shares: -1
memory_limit_in_bytes: -1
memory_and_swap_limit_in_bytes: -2
memory_soft_limit_in_bytes: -1
memory_usage_in_bytes: 15568666624
memory_max_usage_in_bytes: 153460736


CPU:total 4 (initial active 4) (2 cores per cpu, 2 threads per core) family 6 model 61 stepping 4, cmov, cx8, fxsr, mmx, sse, sse2, sse3, ssse3, sse4.1, sse4.2, popcnt, avx, avx2, aes, clmul, erms, 3dnowpref, lzcnt, ht, tsc, tscinvbit, bmi1, bmi2, adx

/proc/cpuinfo:
processor	: 0
vendor_id	: GenuineIntel
cpu family	: 6
model		: 61
model name	: Intel(R) Core(TM) i7-5500U CPU @ 2.40GHz
stepping	: 4
microcode	: 0x2e
cpu MHz		: 2893.148
cache size	: 4096 KB
physical id	: 0
siblings	: 4
core id		: 0
cpu cores	: 2
apicid		: 0
initial apicid	: 0
fpu		: yes
fpu_exception	: yes
cpuid level	: 20
wp		: yes
flags		: fpu vme de pse tsc msr pae mce cx8 apic sep mtrr pge mca cmov pat pse36 clflush dts acpi mmx fxsr sse sse2 ss ht tm pbe syscall nx pdpe1gb rdtscp lm constant_tsc arch_perfmon pebs bts rep_good nopl xtopology nonstop_tsc cpuid aperfmperf pni pclmulqdq dtes64 monitor ds_cpl vmx est tm2 ssse3 sdbg fma cx16 xtpr pdcm pcid sse4_1 sse4_2 x2apic movbe popcnt tsc_deadline_timer aes xsave avx f16c rdrand lahf_lm abm 3dnowprefetch cpuid_fault epb invpcid_single pti ssbd ibrs ibpb stibp tpr_shadow vnmi flexpriority ept vpid ept_ad fsgsbase tsc_adjust bmi1 avx2 smep bmi2 erms invpcid rdseed adx smap intel_pt xsaveopt dtherm ida arat pln pts md_clear flush_l1d
bugs		: cpu_meltdown spectre_v1 spectre_v2 spec_store_bypass l1tf mds swapgs itlb_multihit
bogomips	: 4788.66
clflush size	: 64
cache_alignment	: 64
address sizes	: 39 bits physical, 48 bits virtual
power management:

processor	: 1
vendor_id	: GenuineIntel
cpu family	: 6
model		: 61
model name	: Intel(R) Core(TM) i7-5500U CPU @ 2.40GHz
stepping	: 4
microcode	: 0x2e
cpu MHz		: 2893.150
cache size	: 4096 KB
physical id	: 0
siblings	: 4
core id		: 0
cpu cores	: 2
apicid		: 1
initial apicid	: 1
fpu		: yes
fpu_exception	: yes
cpuid level	: 20
wp		: yes
flags		: fpu vme de pse tsc msr pae mce cx8 apic sep mtrr pge mca cmov pat pse36 clflush dts acpi mmx fxsr sse sse2 ss ht tm pbe syscall nx pdpe1gb rdtscp lm constant_tsc arch_perfmon pebs bts rep_good nopl xtopology nonstop_tsc cpuid aperfmperf pni pclmulqdq dtes64 monitor ds_cpl vmx est tm2 ssse3 sdbg fma cx16 xtpr pdcm pcid sse4_1 sse4_2 x2apic movbe popcnt tsc_deadline_timer aes xsave avx f16c rdrand lahf_lm abm 3dnowprefetch cpuid_fault epb invpcid_single pti ssbd ibrs ibpb stibp tpr_shadow vnmi flexpriority ept vpid ept_ad fsgsbase tsc_adjust bmi1 avx2 smep bmi2 erms invpcid rdseed adx smap intel_pt xsaveopt dtherm ida arat pln pts md_clear flush_l1d
bugs		: cpu_meltdown spectre_v1 spectre_v2 spec_store_bypass l1tf mds swapgs itlb_multihit
bogomips	: 4788.66
clflush size	: 64
cache_alignment	: 64
address sizes	: 39 bits physical, 48 bits virtual
power management:

processor	: 2
vendor_id	: GenuineIntel
cpu family	: 6
model		: 61
model name	: Intel(R) Core(TM) i7-5500U CPU @ 2.40GHz
stepping	: 4
microcode	: 0x2e
cpu MHz		: 2893.153
cache size	: 4096 KB
physical id	: 0
siblings	: 4
core id		: 1
cpu cores	: 2
apicid		: 2
initial apicid	: 2
fpu		: yes
fpu_exception	: yes
cpuid level	: 20
wp		: yes
flags		: fpu vme de pse tsc msr pae mce cx8 apic sep mtrr pge mca cmov pat pse36 clflush dts acpi mmx fxsr sse sse2 ss ht tm pbe syscall nx pdpe1gb rdtscp lm constant_tsc arch_perfmon pebs bts rep_good nopl xtopology nonstop_tsc cpuid aperfmperf pni pclmulqdq dtes64 monitor ds_cpl vmx est tm2 ssse3 sdbg fma cx16 xtpr pdcm pcid sse4_1 sse4_2 x2apic movbe popcnt tsc_deadline_timer aes xsave avx f16c rdrand lahf_lm abm 3dnowprefetch cpuid_fault epb invpcid_single pti ssbd ibrs ibpb stibp tpr_shadow vnmi flexpriority ept vpid ept_ad fsgsbase tsc_adjust bmi1 avx2 smep bmi2 erms invpcid rdseed adx smap intel_pt xsaveopt dtherm ida arat pln pts md_clear flush_l1d
bugs		: cpu_meltdown spectre_v1 spectre_v2 spec_store_bypass l1tf mds swapgs itlb_multihit
bogomips	: 4788.66
clflush size	: 64
cache_alignment	: 64
address sizes	: 39 bits physical, 48 bits virtual
power management:

processor	: 3
vendor_id	: GenuineIntel
cpu family	: 6
model		: 61
model name	: Intel(R) Core(TM) i7-5500U CPU @ 2.40GHz
stepping	: 4
microcode	: 0x2e
cpu MHz		: 2893.153
cache size	: 4096 KB
physical id	: 0
siblings	: 4
core id		: 1
cpu cores	: 2
apicid		: 3
initial apicid	: 3
fpu		: yes
fpu_exception	: yes
cpuid level	: 20
wp		: yes
flags		: fpu vme de pse tsc msr pae mce cx8 apic sep mtrr pge mca cmov pat pse36 clflush dts acpi mmx fxsr sse sse2 ss ht tm pbe syscall nx pdpe1gb rdtscp lm constant_tsc arch_perfmon pebs bts rep_good nopl xtopology nonstop_tsc cpuid aperfmperf pni pclmulqdq dtes64 monitor ds_cpl vmx est tm2 ssse3 sdbg fma cx16 xtpr pdcm pcid sse4_1 sse4_2 x2apic movbe popcnt tsc_deadline_timer aes xsave avx f16c rdrand lahf_lm abm 3dnowprefetch cpuid_fault epb invpcid_single pti ssbd ibrs ibpb stibp tpr_shadow vnmi flexpriority ept vpid ept_ad fsgsbase tsc_adjust bmi1 avx2 smep bmi2 erms invpcid rdseed adx smap intel_pt xsaveopt dtherm ida arat pln pts md_clear flush_l1d
bugs		: cpu_meltdown spectre_v1 spectre_v2 spec_store_bypass l1tf mds swapgs itlb_multihit
bogomips	: 4788.66
clflush size	: 64
cache_alignment	: 64
address sizes	: 39 bits physical, 48 bits virtual
power management:



Memory: 4k page, physical 15811544k(138084k free), swap 1612208k(0k free)

vm_info: OpenJDK 64-Bit Server VM (25.222-b10) for linux-amd64 JRE (1.8.0_222-8u222-b10-1ubuntu1~18.04.1-b10), built on Jul 18 2019 18:52:48 by "buildd" with gcc 7.4.0

time: Wed Nov 20 17:24:43 2019
timezone: CET
elapsed time: 12 seconds (0d 0h 0m 12s)

